#
# A fatal error has been detected by the Java Runtime Environment:
#
#  SIGSEGV (0xb) at pc=0x00000001022b448b, pid=3490, tid=0x0000000000004103
#
# JRE version: Java(TM) SE Runtime Environment (8.0_171-b11) (build 1.8.0_171-b11)
# Java VM: Java HotSpot(TM) 64-Bit Server VM (25.171-b11 mixed mode bsd-amd64 compressed oops)
# Problematic frame:
# V  [libjvm.dylib+0x2b448b]  IndexSetIterator::advance_and_next()+0x9f
#
# Failed to write core dump. Core dumps have been disabled. To enable core dumping, try "ulimit -c unlimited" before starting Java again
#
# If you would like to submit a bug report, please visit:
#   http://bugreport.java.com/bugreport/crash.jsp
#

---------------  T H R E A D  ---------------

Current thread (0x00007fec9582f000):  JavaThread "C2 CompilerThread2" daemon [_thread_in_native, id=16643, stack(0x0000700002956000,0x0000700002a56000)]

siginfo: si_signo: 11 (SIGSEGV), si_code: 1 (SEGV_MAPERR), si_addr: 0x0000000000000000

Registers:
RAX=0x0000000000000000, RBX=0x0000700002a525d0, RCX=0x0000000000000000, RDX=0x0000000000003a00
RSP=0x0000700002a52590, RBP=0x0000700002a525b0, RSI=0x0000000000000013, RDI=0x0000000000000109
R8 =0x0000000020000000, R9 =0x000000010d093001, R10=0x000000010283c1e8, R11=0x00000000050ee850
R12=0x00000001028eddf0, R13=0x000000010d30b010, R14=0x000000000000003a, R15=0x0000000000003a00
RIP=0x00000001022b448b, EFLAGS=0x0000000000010293, ERR=0x0000000000000004
  TRAPNO=0x000000000000000e

Top of Stack: (sp=0x0000700002a52590)
0x0000700002a52590:   00000000000012fd 000000010d3866d8
0x0000700002a525a0:   0000700002a528d8 000000000007b660
0x0000700002a525b0:   0000700002a52630 00000001022afe46
0x0000700002a525c0:   0000700002a52750 00000000000bde20
0x0000700002a525d0:   0000130100000000 0000000000000008
0x0000700002a525e0:   0000000000000000 0000000100000013
0x0000700002a525f0:   00007fec964bfe30 00007fec0000006e
0x0000700002a52600:   000000010d72ae30 00000000000012fd
0x0000700002a52610:   0000700002a52730 0000700002a52918
0x0000700002a52620:   0000700002a535c8 00000001028eddf0
0x0000700002a52630:   0000700002a52710 0000000102160c7b
0x0000700002a52640:   0000700002a52670 00000001020da45d
0x0000700002a52650:   00004ef002a52670 00007fec9437cd50
0x0000700002a52660:   0000700002a53610 00000001028eddf0
0x0000700002a52670:   0000700002a534e0 00000001020da48c
0x0000700002a52680:   0000000000000000 00007fec9437cd50
0x0000700002a52690:   0000700002a526c0 00000001020da45d
0x0000700002a526a0:   0000700002a526c0 00007fec9437cd50
0x0000700002a526b0:   0000545400000000 0000000100000008
0x0000700002a526c0:   00007fec94aa1460 000070000000006e
0x0000700002a526d0:   00007fec964c01a0 000000010000006e
0x0000700002a526e0:   000000010d72aed0 0000700002a534e0
0x0000700002a526f0:   0000700002a52730 0000700002a52918
0x0000700002a52700:   0000700002a535c8 00000001028eddf0
0x0000700002a52710:   0000700002a52a20 0000000102161d35
0x0000700002a52720:   0000700002a527f0 00007fff78b4e859
0x0000700002a52730:   00000001028d0220 00007fec0000000d
0x0000700002a52740:   0000700002a54f80 0000700002a534e0
0x0000700002a52750:   000070000000000a 00007fec98003310
0x0000700002a52760:   0000000000000200 00007fec95bc03c8
0x0000700002a52770:   0000000902a50082 0000000100f00a00
0x0000700002a52780:   00007fec97184cc0 0000000000000006 

Instructions: (pc=0x00000001022b448b)
0x00000001022b446b:   e9 b6 e1 ea ff 44 89 f0 48 8b 4b 20 48 8b 04 c1
0x00000001022b447b:   4c 39 e0 74 2d 48 89 43 10 31 c9 44 89 fa eb 0c
0x00000001022b448b:   83 3c 88 00 75 bb 83 c2 20 48 ff c1 83 f9 08 72
0x00000001022b449b:   ef 48 8b 7b 30 48 85 ff 74 08 44 89 f6 e8 c7 fe 

Register to memory mapping:

RAX=0x0000000000000000 is an unknown value
RBX=0x0000700002a525d0 is pointing into the stack for thread: 0x00007fec9582f000
RCX=0x0000000000000000 is an unknown value
RDX=0x0000000000003a00 is an unknown value
RSP=0x0000700002a52590 is pointing into the stack for thread: 0x00007fec9582f000
RBP=0x0000700002a525b0 is pointing into the stack for thread: 0x00007fec9582f000
RSI=0x0000000000000013 is an unknown value
RDI=0x0000000000000109 is an unknown value
R8 =0x0000000020000000 is an unknown value
R9 =0x000000010d093001 is an unknown value
R10=0x000000010283c1e8: _ZL8tc_mutex+0x18 in /Library/Java/JavaVirtualMachines/jdk1.8.0_171.jdk/Contents/Home/jre/lib/server/libjvm.dylib at 0x0000000102000000
R11=0x00000000050ee850 is an unknown value
R12=0x00000001028eddf0: _ZN8IndexSet12_empty_blockE+0 in /Library/Java/JavaVirtualMachines/jdk1.8.0_171.jdk/Contents/Home/jre/lib/server/libjvm.dylib at 0x0000000102000000
R13=0x000000010d30b010 is an unknown value
R14=0x000000000000003a is an unknown value
R15=0x0000000000003a00 is an unknown value


Stack: [0x0000700002956000,0x0000700002a56000],  sp=0x0000700002a52590,  free space=1009k
Native frames: (J=compiled Java code, j=interpreted, Vv=VM code, C=native code)
V  [libjvm.dylib+0x2b448b]  IndexSetIterator::advance_and_next()+0x9f
V  [libjvm.dylib+0x2afe46]  PhaseIFG::remove_node(unsigned int)+0x98
V  [libjvm.dylib+0x160c7b]  PhaseChaitin::Simplify()+0x155
V  [libjvm.dylib+0x161d35]  PhaseChaitin::Register_Allocate()+0x649
V  [libjvm.dylib+0x1afde4]  Compile::Code_Gen()+0x14e
V  [libjvm.dylib+0x1b3fe1]  Compile::Compile(ciEnv*, C2Compiler*, ciMethod*, int, bool, bool, bool)+0x98d
V  [libjvm.dylib+0x150f22]  C2Compiler::compile_method(ciEnv*, ciMethod*, int)+0xb2
V  [libjvm.dylib+0x1b767e]  CompileBroker::invoke_compiler_on_method(CompileTask*)+0x5b2
V  [libjvm.dylib+0x1b9bc5]  CompileBroker::compiler_thread_loop()+0x291
V  [libjvm.dylib+0x56eb0f]  JavaThread::thread_main_inner()+0x9b
V  [libjvm.dylib+0x57020a]  JavaThread::run()+0x1c2
V  [libjvm.dylib+0x48d4a6]  java_start(Thread*)+0xf6
C  [libsystem_pthread.dylib+0x3661]  _pthread_body+0x154
C  [libsystem_pthread.dylib+0x350d]  _pthread_body+0x0
C  [libsystem_pthread.dylib+0x2bf9]  thread_start+0xd
C  0x0000000000000000


Current CompileTask:
C2:   2965 1916       4       java.net.URLClassLoader$1::run (5 bytes)


---------------  P R O C E S S  ---------------

Java Threads: ( => current thread )
  0x00007fec94043000 JavaThread "Service Thread" daemon [_thread_blocked, id=43011, stack(0x0000700002b5c000,0x0000700002c5c000)]
  0x00007fec95830000 JavaThread "C1 CompilerThread3" daemon [_thread_blocked, id=43267, stack(0x0000700002a59000,0x0000700002b59000)]
=>0x00007fec9582f000 JavaThread "C2 CompilerThread2" daemon [_thread_in_native, id=16643, stack(0x0000700002956000,0x0000700002a56000)]
  0x00007fec9582e800 JavaThread "C2 CompilerThread1" daemon [_thread_in_native, id=17155, stack(0x0000700002853000,0x0000700002953000)]
  0x00007fec95813800 JavaThread "C2 CompilerThread0" daemon [_thread_in_native, id=16387, stack(0x0000700002750000,0x0000700002850000)]
  0x00007fec96800000 JavaThread "JDWP Command Reader" daemon [_thread_in_native, id=16131, stack(0x000070000264d000,0x000070000274d000)]
  0x00007fec9401f800 JavaThread "JDWP Event Helper Thread" daemon [_thread_blocked, id=15619, stack(0x000070000254a000,0x000070000264a000)]
  0x00007fec9401f000 JavaThread "JDWP Transport Listener: dt_socket" daemon [_thread_blocked, id=15111, stack(0x0000700002447000,0x0000700002547000)]
  0x00007fec93017000 JavaThread "Signal Dispatcher" daemon [_thread_blocked, id=17931, stack(0x0000700002344000,0x0000700002444000)]
  0x00007fec94018000 JavaThread "Finalizer" daemon [_thread_blocked, id=19715, stack(0x0000700002241000,0x0000700002341000)]
  0x00007fec94015800 JavaThread "Reference Handler" daemon [_thread_blocked, id=12803, stack(0x000070000213e000,0x000070000223e000)]
  0x00007fec9300e000 JavaThread "main" [_thread_in_vm, id=5891, stack(0x0000700001720000,0x0000700001820000)]

Other Threads:
  0x00007fec95801000 VMThread [stack: 0x000070000203b000,0x000070000213b000] [id=12291]
  0x00007fec9401c000 WatcherThread [stack: 0x0000700002c5f000,0x0000700002d5f000] [id=42755]

VM state:not at safepoint (normal execution)

VM Mutex/Monitor currently owned by a thread: None

Heap:
 PSYoungGen      total 138240K, used 31628K [0x0000000795580000, 0x000000079e180000, 0x00000007c0000000)
  eden space 133120K, 19% used [0x0000000795580000,0x0000000796f632c8,0x000000079d780000)
  from space 5120K, 100% used [0x000000079dc80000,0x000000079e180000,0x000000079e180000)
  to   space 5120K, 0% used [0x000000079d780000,0x000000079d780000,0x000000079dc80000)
 ParOldGen       total 87552K, used 10201K [0x0000000740000000, 0x0000000745580000, 0x0000000795580000)
  object space 87552K, 11% used [0x0000000740000000,0x00000007409f6778,0x0000000745580000)
 Metaspace       used 17234K, capacity 17704K, committed 17792K, reserved 1064960K
  class space    used 1988K, capacity 2106K, committed 2176K, reserved 1048576K

Card table byte_map: [0x000000010336e000,0x000000010376f000] byte_map_base: 0x00000000ff96e000

Marking Bits: (ParMarkBitMap*) 0x00000001028f76e0
 Begin Bits: [0x0000000103a1a000, 0x0000000105a1a000)
 End Bits:   [0x0000000105a1a000, 0x0000000107a1a000)

Polling page: 0x0000000100f5e000

CodeCache: size=245760Kb used=11625Kb max_used=11634Kb free=234134Kb
 bounds [0x000000010f769000, 0x00000001102d9000, 0x000000011e769000]
 total_blobs=3606 nmethods=3265 adapters=262
 compilation: enabled

Compilation events (10 events):
Event: 2.934 Thread 0x00007fec9582e800 3261  s    4       java.util.Vector::addElement (38 bytes)
Event: 2.934 Thread 0x00007fec95830000 nmethod 3266 0x00000001102c8e90 code [0x00000001102c9160, 0x00000001102cacb8]
Event: 2.934 Thread 0x00007fec95830000 3269       3       org.codehaus.plexus.util.SelectorUtils::equals (37 bytes)
Event: 2.935 Thread 0x00007fec95830000 nmethod 3269 0x00000001102b9b90 code [0x00000001102b9d40, 0x00000001102ba058]
Event: 2.936 Thread 0x00007fec95830000 3270       3       java.lang.Class::searchMethods (90 bytes)
Event: 2.937 Thread 0x00007fec9582e800 nmethod 3261 0x00000001102c0150 code [0x00000001102c02c0, 0x00000001102c06e8]
Event: 2.937 Thread 0x00007fec9582e800 3264       4       java.util.StringTokenizer::nextToken (92 bytes)
Event: 2.937 Thread 0x00007fec95830000 nmethod 3270 0x00000001102bbcd0 code [0x00000001102bbf20, 0x00000001102bcef8]
Event: 2.937 Thread 0x00007fec95813800 nmethod 3260 0x00000001102b9190 code [0x00000001102b9300, 0x00000001102b9758]
Event: 2.937 Thread 0x00007fec95813800 3259  s    4       java.util.Vector::elementAt (48 bytes)

GC Heap History (8 events):
Event: 0.667 GC heap before
{Heap before GC invocations=1 (full 0):
 PSYoungGen      total 38400K, used 33280K [0x0000000795580000, 0x0000000798000000, 0x00000007c0000000)
  eden space 33280K, 100% used [0x0000000795580000,0x0000000797600000,0x0000000797600000)
  from space 5120K, 0% used [0x0000000797b00000,0x0000000797b00000,0x0000000798000000)
  to   space 5120K, 0% used [0x0000000797600000,0x0000000797600000,0x0000000797b00000)
 ParOldGen       total 87552K, used 0K [0x0000000740000000, 0x0000000745580000, 0x0000000795580000)
  object space 87552K, 0% used [0x0000000740000000,0x0000000740000000,0x0000000745580000)
 Metaspace       used 7902K, capacity 8120K, committed 8320K, reserved 1056768K
  class space    used 977K, capacity 1052K, committed 1152K, reserved 1048576K
Event: 0.675 GC heap after
Heap after GC invocations=1 (full 0):
 PSYoungGen      total 38400K, used 4670K [0x0000000795580000, 0x000000079a080000, 0x00000007c0000000)
  eden space 33280K, 0% used [0x0000000795580000,0x0000000795580000,0x0000000797600000)
  from space 5120K, 91% used [0x0000000797600000,0x0000000797a8faf8,0x0000000797b00000)
  to   space 5120K, 0% used [0x0000000799b80000,0x0000000799b80000,0x000000079a080000)
 ParOldGen       total 87552K, used 8K [0x0000000740000000, 0x0000000745580000, 0x0000000795580000)
  object space 87552K, 0% used [0x0000000740000000,0x0000000740002000,0x0000000745580000)
 Metaspace       used 7902K, capacity 8120K, committed 8320K, reserved 1056768K
  class space    used 977K, capacity 1052K, committed 1152K, reserved 1048576K
}
Event: 1.104 GC heap before
{Heap before GC invocations=2 (full 0):
 PSYoungGen      total 38400K, used 37950K [0x0000000795580000, 0x000000079a080000, 0x00000007c0000000)
  eden space 33280K, 100% used [0x0000000795580000,0x0000000797600000,0x0000000797600000)
  from space 5120K, 91% used [0x0000000797600000,0x0000000797a8faf8,0x0000000797b00000)
  to   space 5120K, 0% used [0x0000000799b80000,0x0000000799b80000,0x000000079a080000)
 ParOldGen       total 87552K, used 8K [0x0000000740000000, 0x0000000745580000, 0x0000000795580000)
  object space 87552K, 0% used [0x0000000740000000,0x0000000740002000,0x0000000745580000)
 Metaspace       used 11646K, capacity 11844K, committed 12160K, reserved 1060864K
  class space    used 1449K, capacity 1544K, committed 1664K, reserved 1048576K
Event: 1.111 GC heap after
Heap after GC invocations=2 (full 0):
 PSYoungGen      total 71680K, used 5105K [0x0000000795580000, 0x000000079a080000, 0x00000007c0000000)
  eden space 66560K, 0% used [0x0000000795580000,0x0000000795580000,0x0000000799680000)
  from space 5120K, 99% used [0x0000000799b80000,0x000000079a07c618,0x000000079a080000)
  to   space 5120K, 0% used [0x0000000799680000,0x0000000799680000,0x0000000799b80000)
 ParOldGen       total 87552K, used 1804K [0x0000000740000000, 0x0000000745580000, 0x0000000795580000)
  object space 87552K, 2% used [0x0000000740000000,0x00000007401c3070,0x0000000745580000)
 Metaspace       used 11646K, capacity 11844K, committed 12160K, reserved 1060864K
  class space    used 1449K, capacity 1544K, committed 1664K, reserved 1048576K
}
Event: 2.014 GC heap before
{Heap before GC invocations=3 (full 0):
 PSYoungGen      total 71680K, used 71665K [0x0000000795580000, 0x000000079a080000, 0x00000007c0000000)
  eden space 66560K, 100% used [0x0000000795580000,0x0000000799680000,0x0000000799680000)
  from space 5120K, 99% used [0x0000000799b80000,0x000000079a07c618,0x000000079a080000)
  to   space 5120K, 0% used [0x0000000799680000,0x0000000799680000,0x0000000799b80000)
 ParOldGen       total 87552K, used 1804K [0x0000000740000000, 0x0000000745580000, 0x0000000795580000)
  object space 87552K, 2% used [0x0000000740000000,0x00000007401c3070,0x0000000745580000)
 Metaspace       used 15354K, capacity 15580K, committed 15744K, reserved 1062912K
  class space    used 1838K, capacity 1916K, committed 1920K, reserved 1048576K
Event: 2.027 GC heap after
Heap after GC invocations=3 (full 0):
 PSYoungGen      total 71680K, used 5088K [0x0000000795580000, 0x000000079e180000, 0x00000007c0000000)
  eden space 66560K, 0% used [0x0000000795580000,0x0000000795580000,0x0000000799680000)
  from space 5120K, 99% used [0x0000000799680000,0x0000000799b78020,0x0000000799b80000)
  to   space 5120K, 0% used [0x000000079dc80000,0x000000079dc80000,0x000000079e180000)
 ParOldGen       total 87552K, used 6382K [0x0000000740000000, 0x0000000745580000, 0x0000000795580000)
  object space 87552K, 7% used [0x0000000740000000,0x000000074063ba80,0x0000000745580000)
 Metaspace       used 15354K, capacity 15580K, committed 15744K, reserved 1062912K
  class space    used 1838K, capacity 1916K, committed 1920K, reserved 1048576K
}
Event: 2.698 GC heap before
{Heap before GC invocations=4 (full 0):
 PSYoungGen      total 71680K, used 71648K [0x0000000795580000, 0x000000079e180000, 0x00000007c0000000)
  eden space 66560K, 100% used [0x0000000795580000,0x0000000799680000,0x0000000799680000)
  from space 5120K, 99% used [0x0000000799680000,0x0000000799b78020,0x0000000799b80000)
  to   space 5120K, 0% used [0x000000079dc80000,0x000000079dc80000,0x000000079e180000)
 ParOldGen       total 87552K, used 6382K [0x0000000740000000, 0x0000000745580000, 0x0000000795580000)
  object space 87552K, 7% used [0x0000000740000000,0x000000074063ba80,0x0000000745580000)
 Metaspace       used 16609K, capacity 17040K, committed 17152K, reserved 1064960K
  class space    used 1947K, capacity 2034K, committed 2048K, reserved 1048576K
Event: 2.715 GC heap after
Heap after GC invocations=4 (full 0):
 PSYoungGen      total 138240K, used 5120K [0x0000000795580000, 0x000000079e180000, 0x00000007c0000000)
  eden space 133120K, 0% used [0x0000000795580000,0x0000000795580000,0x000000079d780000)
  from space 5120K, 100% used [0x000000079dc80000,0x000000079e180000,0x000000079e180000)
  to   space 5120K, 0% used [0x000000079d780000,0x000000079d780000,0x000000079dc80000)
 ParOldGen       total 87552K, used 10201K [0x0000000740000000, 0x0000000745580000, 0x0000000795580000)
  object space 87552K, 11% used [0x0000000740000000,0x00000007409f6778,0x0000000745580000)
 Metaspace       used 16609K, capacity 17040K, committed 17152K, reserved 1064960K
  class space    used 1947K, capacity 2034K, committed 2048K, reserved 1048576K
}

Deoptimization events (10 events):
Event: 2.920 Thread 0x00007fec9300e000 Uncommon trap: reason=unhandled action=none pc=0x000000010fd3075c method=java.net.URLClassLoader.findClass(Ljava/lang/String;)Ljava/lang/Class; @ 44
Event: 2.921 Thread 0x00007fec9300e000 Uncommon trap: reason=unhandled action=none pc=0x000000010fd3075c method=java.net.URLClassLoader.findClass(Ljava/lang/String;)Ljava/lang/Class; @ 44
Event: 2.934 Thread 0x00007fec9300e000 Uncommon trap: reason=unhandled action=none pc=0x000000010fd3075c method=java.net.URLClassLoader.findClass(Ljava/lang/String;)Ljava/lang/Class; @ 44
Event: 2.934 Thread 0x00007fec9300e000 Uncommon trap: reason=unhandled action=none pc=0x000000010fd3075c method=java.net.URLClassLoader.findClass(Ljava/lang/String;)Ljava/lang/Class; @ 44
Event: 2.934 Thread 0x00007fec9300e000 Uncommon trap: reason=unhandled action=none pc=0x000000010fd3075c method=java.net.URLClassLoader.findClass(Ljava/lang/String;)Ljava/lang/Class; @ 44
Event: 2.935 Thread 0x00007fec9300e000 Uncommon trap: reason=unhandled action=none pc=0x000000010fd3075c method=java.net.URLClassLoader.findClass(Ljava/lang/String;)Ljava/lang/Class; @ 44
Event: 2.935 Thread 0x00007fec9300e000 Uncommon trap: reason=unhandled action=none pc=0x000000010fd3075c method=java.net.URLClassLoader.findClass(Ljava/lang/String;)Ljava/lang/Class; @ 44
Event: 2.935 Thread 0x00007fec9300e000 Uncommon trap: reason=unhandled action=none pc=0x000000010fd3075c method=java.net.URLClassLoader.findClass(Ljava/lang/String;)Ljava/lang/Class; @ 44
Event: 2.935 Thread 0x00007fec9300e000 Uncommon trap: reason=unhandled action=none pc=0x000000010fd3075c method=java.net.URLClassLoader.findClass(Ljava/lang/String;)Ljava/lang/Class; @ 44
Event: 2.936 Thread 0x00007fec9300e000 Uncommon trap: reason=unhandled action=none pc=0x000000010fd3075c method=java.net.URLClassLoader.findClass(Ljava/lang/String;)Ljava/lang/Class; @ 44

Classes redefined (0 events):
No events

Internal exceptions (10 events):
Event: 2.846 Thread 0x00007fec9300e000 Exception <a 'java/lang/ArrayIndexOutOfBoundsException': 86> (0x00000007965b16b0) thrown at [/Users/java_re/workspace/8-2-build-macosx-x86_64/jdk8u171/10807/hotspot/src/share/vm/interpreter/interpreterRuntime.cpp, line 366]
Event: 2.846 Thread 0x00007fec9300e000 Exception <a 'java/lang/ArrayIndexOutOfBoundsException': 113> (0x00000007965b2ea0) thrown at [/Users/java_re/workspace/8-2-build-macosx-x86_64/jdk8u171/10807/hotspot/src/share/vm/interpreter/interpreterRuntime.cpp, line 366]
Event: 2.846 Thread 0x00007fec9300e000 Exception <a 'java/lang/ArrayIndexOutOfBoundsException': 111> (0x00000007965b4b98) thrown at [/Users/java_re/workspace/8-2-build-macosx-x86_64/jdk8u171/10807/hotspot/src/share/vm/interpreter/interpreterRuntime.cpp, line 366]
Event: 2.846 Thread 0x00007fec9300e000 Exception <a 'java/lang/ArrayIndexOutOfBoundsException': 85> (0x00000007965b6a10) thrown at [/Users/java_re/workspace/8-2-build-macosx-x86_64/jdk8u171/10807/hotspot/src/share/vm/interpreter/interpreterRuntime.cpp, line 366]
Event: 2.846 Thread 0x00007fec9300e000 Exception <a 'java/lang/ArrayIndexOutOfBoundsException': 79> (0x00000007965b8008) thrown at [/Users/java_re/workspace/8-2-build-macosx-x86_64/jdk8u171/10807/hotspot/src/share/vm/interpreter/interpreterRuntime.cpp, line 366]
Event: 2.869 Thread 0x00007fec9300e000 Exception <a 'java/lang/ArrayIndexOutOfBoundsException': 37> (0x0000000796732678) thrown at [/Users/java_re/workspace/8-2-build-macosx-x86_64/jdk8u171/10807/hotspot/src/share/vm/interpreter/interpreterRuntime.cpp, line 366]
Event: 2.869 Thread 0x00007fec9300e000 Exception <a 'java/lang/ArrayIndexOutOfBoundsException': 72> (0x0000000796733e58) thrown at [/Users/java_re/workspace/8-2-build-macosx-x86_64/jdk8u171/10807/hotspot/src/share/vm/interpreter/interpreterRuntime.cpp, line 366]
Event: 2.869 Thread 0x00007fec9300e000 Exception <a 'java/lang/ArrayIndexOutOfBoundsException': 83> (0x0000000796735778) thrown at [/Users/java_re/workspace/8-2-build-macosx-x86_64/jdk8u171/10807/hotspot/src/share/vm/interpreter/interpreterRuntime.cpp, line 366]
Event: 2.869 Thread 0x00007fec9300e000 Exception <a 'java/lang/ArrayIndexOutOfBoundsException': 83> (0x0000000796737150) thrown at [/Users/java_re/workspace/8-2-build-macosx-x86_64/jdk8u171/10807/hotspot/src/share/vm/interpreter/interpreterRuntime.cpp, line 366]
Event: 2.904 Thread 0x00007fec9300e000 Implicit null exception at 0x000000011023044c to 0x000000011023244d

Events (10 events):
Event: 2.936 Thread 0x00007fec9300e000 DEOPT UNPACKING pc=0x000000010f7b0784 sp=0x000070000181c938 mode 1
Event: 2.936 Thread 0x00007fec9300e000 Uncommon trap: trap_request=0xffffffa7 fr.pc=0x000000010fd3075c
Event: 2.936 Thread 0x00007fec9300e000 DEOPT PACKING pc=0x000000010fd3075c sp=0x000070000181ca50
Event: 2.936 Thread 0x00007fec9300e000 DEOPT UNPACKING pc=0x000000010f7ae73a sp=0x000070000181ca08 mode 2
Event: 2.936 Thread 0x00007fec9300e000 DEOPT PACKING pc=0x000000011007f014 sp=0x000070000181ca90
Event: 2.936 Thread 0x00007fec9300e000 DEOPT UNPACKING pc=0x000000010f7b0784 sp=0x000070000181c7e8 mode 1
Event: 2.936 Thread 0x00007fec9300e000 DEOPT PACKING pc=0x0000000110077804 sp=0x000070000181cb10
Event: 2.936 Thread 0x00007fec9300e000 DEOPT UNPACKING pc=0x000000010f7b0784 sp=0x000070000181c8c8 mode 1
Event: 2.936 Thread 0x00007fec9300e000 DEOPT PACKING pc=0x000000011007724c sp=0x000070000181cd20
Event: 2.936 Thread 0x00007fec9300e000 DEOPT UNPACKING pc=0x000000010f7b0784 sp=0x000070000181ca68 mode 1


Dynamic libraries:
0x0000000028b06000 	/System/Library/Frameworks/Cocoa.framework/Versions/A/Cocoa
0x0000000028b06000 	/System/Library/Frameworks/Security.framework/Versions/A/Security
0x0000000028b06000 	/System/Library/Frameworks/ApplicationServices.framework/Versions/A/ApplicationServices
0x0000000028b06000 	/usr/lib/libz.1.dylib
0x0000000028b06000 	/usr/lib/libSystem.B.dylib
0x0000000028b06000 	/usr/lib/libobjc.A.dylib
0x0000000028b06000 	/System/Library/Frameworks/CoreFoundation.framework/Versions/A/CoreFoundation
0x0000000028b06000 	/System/Library/Frameworks/Foundation.framework/Versions/C/Foundation
0x0000000028b06000 	/System/Library/Frameworks/AppKit.framework/Versions/C/AppKit
0x0000000028b06000 	/System/Library/Frameworks/CoreData.framework/Versions/A/CoreData
0x0000000028b06000 	/System/Library/PrivateFrameworks/RemoteViewServices.framework/Versions/A/RemoteViewServices
0x0000000028b06000 	/System/Library/PrivateFrameworks/UIFoundation.framework/Versions/A/UIFoundation
0x0000000028b06000 	/System/Library/PrivateFrameworks/DFRFoundation.framework/Versions/A/DFRFoundation
0x0000000028b06000 	/System/Library/Frameworks/Metal.framework/Versions/A/Metal
0x0000000028b06000 	/System/Library/PrivateFrameworks/DesktopServicesPriv.framework/Versions/A/DesktopServicesPriv
0x0000000028b06000 	/usr/lib/libenergytrace.dylib
0x0000000028b06000 	/System/Library/PrivateFrameworks/SkyLight.framework/Versions/A/SkyLight
0x0000000028b06000 	/System/Library/Frameworks/CoreGraphics.framework/Versions/A/CoreGraphics
0x0000000028b06000 	/usr/lib/libScreenReader.dylib
0x0000000028b06000 	/System/Library/Frameworks/Accelerate.framework/Versions/A/Accelerate
0x0000000028b06000 	/System/Library/Frameworks/IOSurface.framework/Versions/A/IOSurface
0x0000000028b06000 	/System/Library/Frameworks/AudioToolbox.framework/Versions/A/AudioToolbox
0x0000000028b06000 	/System/Library/Frameworks/AudioUnit.framework/Versions/A/AudioUnit
0x0000000028b06000 	/System/Library/PrivateFrameworks/DataDetectorsCore.framework/Versions/A/DataDetectorsCore
0x0000000028b06000 	/System/Library/Frameworks/Carbon.framework/Versions/A/Frameworks/HIToolbox.framework/Versions/A/HIToolbox
0x0000000028b06000 	/usr/lib/libicucore.A.dylib
0x0000000028b06000 	/System/Library/Frameworks/QuartzCore.framework/Versions/A/QuartzCore
0x0000000028b06000 	/System/Library/PrivateFrameworks/SignpostNotification.framework/Versions/A/SignpostNotification
0x0000000028b06000 	/System/Library/Frameworks/Carbon.framework/Versions/A/Frameworks/SpeechRecognition.framework/Versions/A/SpeechRecognition
0x0000000028b06000 	/usr/lib/libauto.dylib
0x0000000028b06000 	/usr/lib/libxml2.2.dylib
0x0000000028b06000 	/System/Library/PrivateFrameworks/CoreUI.framework/Versions/A/CoreUI
0x0000000028b06000 	/System/Library/Frameworks/CoreAudio.framework/Versions/A/CoreAudio
0x0000000028b06000 	/System/Library/Frameworks/DiskArbitration.framework/Versions/A/DiskArbitration
0x0000000028b06000 	/usr/lib/liblangid.dylib
0x0000000028b06000 	/System/Library/PrivateFrameworks/MultitouchSupport.framework/Versions/A/MultitouchSupport
0x0000000028b06000 	/System/Library/Frameworks/IOKit.framework/Versions/A/IOKit
0x0000000028b06000 	/usr/lib/libDiagnosticMessagesClient.dylib
0x0000000028b06000 	/System/Library/Frameworks/CoreServices.framework/Versions/A/CoreServices
0x0000000028b06000 	/System/Library/PrivateFrameworks/PerformanceAnalysis.framework/Versions/A/PerformanceAnalysis
0x0000000028b06000 	/System/Library/Frameworks/OpenGL.framework/Versions/A/OpenGL
0x0000000028b06000 	/System/Library/Frameworks/ColorSync.framework/Versions/A/ColorSync
0x0000000028b06000 	/System/Library/Frameworks/CoreImage.framework/Versions/A/CoreImage
0x0000000028b06000 	/System/Library/Frameworks/CoreText.framework/Versions/A/CoreText
0x0000000028b06000 	/System/Library/Frameworks/ImageIO.framework/Versions/A/ImageIO
0x0000000028b06000 	/System/Library/PrivateFrameworks/Backup.framework/Versions/A/Backup
0x0000000028b06000 	/usr/lib/libarchive.2.dylib
0x0000000028b06000 	/System/Library/Frameworks/CFNetwork.framework/Versions/A/CFNetwork
0x0000000028b06000 	/System/Library/Frameworks/SystemConfiguration.framework/Versions/A/SystemConfiguration
0x0000000028b06000 	/usr/lib/libCRFSuite.dylib
0x0000000028b06000 	/usr/lib/libc++.1.dylib
0x0000000028b06000 	/usr/lib/libc++abi.dylib
0x0000000028b06000 	/usr/lib/system/libcache.dylib
0x0000000028b06000 	/usr/lib/system/libcommonCrypto.dylib
0x0000000028b06000 	/usr/lib/system/libcompiler_rt.dylib
0x0000000028b06000 	/usr/lib/system/libcopyfile.dylib
0x0000000028b06000 	/usr/lib/system/libcorecrypto.dylib
0x0000000028b06000 	/usr/lib/system/libdispatch.dylib
0x0000000028b06000 	/usr/lib/system/libdyld.dylib
0x0000000028b06000 	/usr/lib/system/libkeymgr.dylib
0x0000000028b06000 	/usr/lib/system/liblaunch.dylib
0x0000000028b06000 	/usr/lib/system/libmacho.dylib
0x0000000028b06000 	/usr/lib/system/libquarantine.dylib
0x0000000028b06000 	/usr/lib/system/libremovefile.dylib
0x0000000028b06000 	/usr/lib/system/libsystem_asl.dylib
0x0000000028b06000 	/usr/lib/system/libsystem_blocks.dylib
0x0000000028b06000 	/usr/lib/system/libsystem_c.dylib
0x0000000028b06000 	/usr/lib/system/libsystem_configuration.dylib
0x0000000028b06000 	/usr/lib/system/libsystem_coreservices.dylib
0x0000000028b06000 	/usr/lib/system/libsystem_darwin.dylib
0x0000000028b06000 	/usr/lib/system/libsystem_dnssd.dylib
0x0000000028b06000 	/usr/lib/system/libsystem_info.dylib
0x0000000028b06000 	/usr/lib/system/libsystem_m.dylib
0x0000000028b06000 	/usr/lib/system/libsystem_malloc.dylib
0x0000000028b06000 	/usr/lib/system/libsystem_network.dylib
0x0000000028b06000 	/usr/lib/system/libsystem_networkextension.dylib
0x0000000028b06000 	/usr/lib/system/libsystem_notify.dylib
0x0000000028b06000 	/usr/lib/system/libsystem_sandbox.dylib
0x0000000028b06000 	/usr/lib/system/libsystem_secinit.dylib
0x0000000028b06000 	/usr/lib/system/libsystem_kernel.dylib
0x0000000028b06000 	/usr/lib/system/libsystem_platform.dylib
0x0000000028b06000 	/usr/lib/system/libsystem_pthread.dylib
0x0000000028b06000 	/usr/lib/system/libsystem_symptoms.dylib
0x0000000028b06000 	/usr/lib/system/libsystem_trace.dylib
0x0000000028b06000 	/usr/lib/system/libunwind.dylib
0x0000000028b06000 	/usr/lib/system/libxpc.dylib
0x0000000028b06000 	/usr/lib/closure/libclosured.dylib
0x0000000028b06000 	/usr/lib/libbsm.0.dylib
0x0000000028b06000 	/usr/lib/system/libkxld.dylib
0x0000000028b06000 	/usr/lib/libOpenScriptingUtil.dylib
0x0000000028b06000 	/usr/lib/libcoretls.dylib
0x0000000028b06000 	/usr/lib/libcoretls_cfhelpers.dylib
0x0000000028b06000 	/usr/lib/libpam.2.dylib
0x0000000028b06000 	/usr/lib/libsqlite3.dylib
0x0000000028b06000 	/usr/lib/libxar.1.dylib
0x0000000028b06000 	/usr/lib/libbz2.1.0.dylib
0x0000000028b06000 	/usr/lib/liblzma.5.dylib
0x0000000028b06000 	/usr/lib/libnetwork.dylib
0x0000000028b06000 	/usr/lib/libapple_nghttp2.dylib
0x0000000028b06000 	/usr/lib/libpcap.A.dylib
0x0000000028b06000 	/usr/lib/libboringssl.dylib
0x0000000028b06000 	/usr/lib/libusrtcp.dylib
0x0000000028b06000 	/usr/lib/libapple_crypto.dylib
0x0000000028b06000 	/System/Library/Frameworks/CoreServices.framework/Versions/A/Frameworks/FSEvents.framework/Versions/A/FSEvents
0x0000000028b06000 	/System/Library/Frameworks/CoreServices.framework/Versions/A/Frameworks/CarbonCore.framework/Versions/A/CarbonCore
0x0000000028b06000 	/System/Library/Frameworks/CoreServices.framework/Versions/A/Frameworks/Metadata.framework/Versions/A/Metadata
0x0000000028b06000 	/System/Library/Frameworks/CoreServices.framework/Versions/A/Frameworks/OSServices.framework/Versions/A/OSServices
0x0000000028b06000 	/System/Library/Frameworks/CoreServices.framework/Versions/A/Frameworks/SearchKit.framework/Versions/A/SearchKit
0x0000000028b06000 	/System/Library/Frameworks/CoreServices.framework/Versions/A/Frameworks/AE.framework/Versions/A/AE
0x0000000028b06000 	/System/Library/Frameworks/CoreServices.framework/Versions/A/Frameworks/LaunchServices.framework/Versions/A/LaunchServices
0x0000000028b06000 	/System/Library/Frameworks/CoreServices.framework/Versions/A/Frameworks/DictionaryServices.framework/Versions/A/DictionaryServices
0x0000000028b06000 	/System/Library/Frameworks/CoreServices.framework/Versions/A/Frameworks/SharedFileList.framework/Versions/A/SharedFileList
0x0000000028b06000 	/System/Library/Frameworks/NetFS.framework/Versions/A/NetFS
0x0000000028b06000 	/System/Library/PrivateFrameworks/NetAuth.framework/Versions/A/NetAuth
0x0000000028b06000 	/System/Library/PrivateFrameworks/login.framework/Versions/A/Frameworks/loginsupport.framework/Versions/A/loginsupport
0x0000000028b06000 	/System/Library/PrivateFrameworks/TCC.framework/Versions/A/TCC
0x0000000028b06000 	/usr/lib/libmecabra.dylib
0x0000000028b06000 	/System/Library/Frameworks/ApplicationServices.framework/Versions/A/Frameworks/ATS.framework/Versions/A/ATS
0x0000000028b06000 	/System/Library/Frameworks/ApplicationServices.framework/Versions/A/Frameworks/ColorSyncLegacy.framework/Versions/A/ColorSyncLegacy
0x0000000028b06000 	/System/Library/Frameworks/ApplicationServices.framework/Versions/A/Frameworks/HIServices.framework/Versions/A/HIServices
0x0000000028b06000 	/System/Library/Frameworks/ApplicationServices.framework/Versions/A/Frameworks/LangAnalysis.framework/Versions/A/LangAnalysis
0x0000000028b06000 	/System/Library/Frameworks/ApplicationServices.framework/Versions/A/Frameworks/PrintCore.framework/Versions/A/PrintCore
0x0000000028b06000 	/System/Library/Frameworks/ApplicationServices.framework/Versions/A/Frameworks/QD.framework/Versions/A/QD
0x0000000028b06000 	/System/Library/Frameworks/ApplicationServices.framework/Versions/A/Frameworks/SpeechSynthesis.framework/Versions/A/SpeechSynthesis
0x0000000028b06000 	/System/Library/Frameworks/CoreDisplay.framework/Versions/A/CoreDisplay
0x0000000028b06000 	/System/Library/Frameworks/Accelerate.framework/Versions/A/Frameworks/vImage.framework/Versions/A/vImage
0x0000000028b06000 	/System/Library/Frameworks/Accelerate.framework/Versions/A/Frameworks/vecLib.framework/Versions/A/vecLib
0x0000000028b06000 	/System/Library/Frameworks/Accelerate.framework/Versions/A/Frameworks/vecLib.framework/Versions/A/libvDSP.dylib
0x0000000028b06000 	/System/Library/Frameworks/Accelerate.framework/Versions/A/Frameworks/vecLib.framework/Versions/A/libBNNS.dylib
0x0000000028b06000 	/System/Library/Frameworks/Accelerate.framework/Versions/A/Frameworks/vecLib.framework/Versions/A/libQuadrature.dylib
0x0000000028b06000 	/System/Library/Frameworks/Accelerate.framework/Versions/A/Frameworks/vecLib.framework/Versions/A/libvMisc.dylib
0x0000000028b06000 	/System/Library/Frameworks/Accelerate.framework/Versions/A/Frameworks/vecLib.framework/Versions/A/libLAPACK.dylib
0x0000000028b06000 	/System/Library/Frameworks/Accelerate.framework/Versions/A/Frameworks/vecLib.framework/Versions/A/libBLAS.dylib
0x0000000028b06000 	/System/Library/Frameworks/Accelerate.framework/Versions/A/Frameworks/vecLib.framework/Versions/A/libLinearAlgebra.dylib
0x0000000028b06000 	/System/Library/Frameworks/Accelerate.framework/Versions/A/Frameworks/vecLib.framework/Versions/A/libSparse.dylib
0x0000000028b06000 	/System/Library/Frameworks/Accelerate.framework/Versions/A/Frameworks/vecLib.framework/Versions/A/libSparseBLAS.dylib
0x0000000028b06000 	/System/Library/PrivateFrameworks/GPUWrangler.framework/Versions/A/GPUWrangler
0x0000000028b06000 	/System/Library/PrivateFrameworks/IOAccelerator.framework/Versions/A/IOAccelerator
0x0000000028b06000 	/System/Library/PrivateFrameworks/IOPresentment.framework/Versions/A/IOPresentment
0x0000000028b06000 	/System/Library/PrivateFrameworks/DSExternalDisplay.framework/Versions/A/DSExternalDisplay
0x0000000028b06000 	/System/Library/Frameworks/OpenGL.framework/Versions/A/Libraries/libCoreFSCache.dylib
0x0000000028b06000 	/System/Library/Frameworks/CoreVideo.framework/Versions/A/CoreVideo
0x0000000028b06000 	/System/Library/PrivateFrameworks/GraphVisualizer.framework/Versions/A/GraphVisualizer
0x0000000028b06000 	/System/Library/Frameworks/MetalPerformanceShaders.framework/Versions/A/MetalPerformanceShaders
0x0000000028b06000 	/usr/lib/libFosl_dynamic.dylib
0x0000000028b06000 	/System/Library/PrivateFrameworks/FaceCore.framework/Versions/A/FaceCore
0x0000000028b06000 	/System/Library/Frameworks/OpenCL.framework/Versions/A/OpenCL
0x0000000028b06000 	/usr/lib/libcompression.dylib
0x0000000028b06000 	/System/Library/Frameworks/ApplicationServices.framework/Versions/A/Frameworks/ATS.framework/Versions/A/Resources/libFontParser.dylib
0x0000000028b06000 	/System/Library/Frameworks/ApplicationServices.framework/Versions/A/Frameworks/ATS.framework/Versions/A/Resources/libFontRegistry.dylib
0x0000000028b06000 	/System/Library/Frameworks/ImageIO.framework/Versions/A/Resources/libJPEG.dylib
0x0000000028b06000 	/System/Library/Frameworks/ImageIO.framework/Versions/A/Resources/libTIFF.dylib
0x0000000028b06000 	/System/Library/Frameworks/ImageIO.framework/Versions/A/Resources/libPng.dylib
0x0000000028b06000 	/System/Library/Frameworks/ImageIO.framework/Versions/A/Resources/libGIF.dylib
0x0000000028b06000 	/System/Library/Frameworks/ImageIO.framework/Versions/A/Resources/libJP2.dylib
0x0000000028b06000 	/System/Library/Frameworks/ImageIO.framework/Versions/A/Resources/libRadiance.dylib
0x0000000028b06000 	/System/Library/PrivateFrameworks/AppleJPEG.framework/Versions/A/AppleJPEG
0x0000000028b06000 	/System/Library/Frameworks/MetalPerformanceShaders.framework/Frameworks/MPSCore.framework/Versions/A/MPSCore
0x0000000028b06000 	/System/Library/Frameworks/MetalPerformanceShaders.framework/Frameworks/MPSImage.framework/Versions/A/MPSImage
0x0000000028b06000 	/System/Library/Frameworks/MetalPerformanceShaders.framework/Frameworks/MPSNeuralNetwork.framework/Versions/A/MPSNeuralNetwork
0x0000000028b06000 	/System/Library/Frameworks/MetalPerformanceShaders.framework/Frameworks/MPSMatrix.framework/Versions/A/MPSMatrix
0x0000000028b06000 	/System/Library/PrivateFrameworks/MetalTools.framework/Versions/A/MetalTools
0x0000000028b06000 	/System/Library/Frameworks/OpenGL.framework/Versions/A/Libraries/libGLU.dylib
0x0000000028b06000 	/System/Library/Frameworks/OpenGL.framework/Versions/A/Libraries/libGFXShared.dylib
0x0000000028b06000 	/System/Library/Frameworks/OpenGL.framework/Versions/A/Libraries/libGL.dylib
0x0000000028b06000 	/System/Library/Frameworks/OpenGL.framework/Versions/A/Libraries/libGLImage.dylib
0x0000000028b06000 	/System/Library/Frameworks/OpenGL.framework/Versions/A/Libraries/libCVMSPluginSupport.dylib
0x0000000028b06000 	/System/Library/Frameworks/OpenGL.framework/Versions/A/Libraries/libCoreVMClient.dylib
0x0000000028b06000 	/usr/lib/libcups.2.dylib
0x0000000028b06000 	/System/Library/Frameworks/Kerberos.framework/Versions/A/Kerberos
0x0000000028b06000 	/System/Library/Frameworks/GSS.framework/Versions/A/GSS
0x0000000028b06000 	/usr/lib/libresolv.9.dylib
0x0000000028b06000 	/usr/lib/libiconv.2.dylib
0x0000000028b06000 	/System/Library/PrivateFrameworks/Heimdal.framework/Versions/A/Heimdal
0x0000000028b06000 	/usr/lib/libheimdal-asn1.dylib
0x0000000028b06000 	/System/Library/Frameworks/OpenDirectory.framework/Versions/A/OpenDirectory
0x0000000028b06000 	/System/Library/PrivateFrameworks/CommonAuth.framework/Versions/A/CommonAuth
0x0000000028b06000 	/System/Library/Frameworks/OpenDirectory.framework/Versions/A/Frameworks/CFOpenDirectory.framework/Versions/A/CFOpenDirectory
0x0000000028b06000 	/System/Library/Frameworks/SecurityFoundation.framework/Versions/A/SecurityFoundation
0x0000000028b06000 	/System/Library/PrivateFrameworks/APFS.framework/Versions/A/APFS
0x0000000028b06000 	/usr/lib/libutil.dylib
0x0000000028b06000 	/System/Library/PrivateFrameworks/AppleSauce.framework/Versions/A/AppleSauce
0x0000000028b06000 	/System/Library/PrivateFrameworks/LinguisticData.framework/Versions/A/LinguisticData
0x0000000028b06000 	/usr/lib/libmarisa.dylib
0x0000000028b06000 	/System/Library/PrivateFrameworks/Lexicon.framework/Versions/A/Lexicon
0x0000000028b06000 	/usr/lib/libChineseTokenizer.dylib
0x0000000028b06000 	/usr/lib/libcmph.dylib
0x0000000028b06000 	/System/Library/PrivateFrameworks/LanguageModeling.framework/Versions/A/LanguageModeling
0x0000000028b06000 	/System/Library/PrivateFrameworks/CoreEmoji.framework/Versions/A/CoreEmoji
0x0000000028b06000 	/System/Library/Frameworks/ServiceManagement.framework/Versions/A/ServiceManagement
0x0000000028b06000 	/System/Library/PrivateFrameworks/BackgroundTaskManagement.framework/Versions/A/BackgroundTaskManagement
0x0000000028b06000 	/usr/lib/libxslt.1.dylib
0x0000000028b06000 	/System/Library/Frameworks/Carbon.framework/Versions/A/Frameworks/Ink.framework/Versions/A/Ink
0x0000000028b06000 	/System/Library/PrivateFrameworks/TextureIO.framework/Versions/A/TextureIO
0x0000000028b06000 	/usr/lib/libate.dylib
0x0000000028b06000 	/System/Library/PrivateFrameworks/CrashReporterSupport.framework/Versions/A/CrashReporterSupport
0x0000000028b06000 	/System/Library/PrivateFrameworks/Sharing.framework/Versions/A/Sharing
0x0000000028b06000 	/System/Library/PrivateFrameworks/IconServices.framework/Versions/A/IconServices
0x0000000028b06000 	/System/Library/PrivateFrameworks/Apple80211.framework/Versions/A/Apple80211
0x0000000028b06000 	/System/Library/PrivateFrameworks/CoreUtils.framework/Versions/A/CoreUtils
0x0000000028b06000 	/System/Library/Frameworks/CoreWLAN.framework/Versions/A/CoreWLAN
0x0000000028b06000 	/System/Library/Frameworks/IOBluetooth.framework/Versions/A/IOBluetooth
0x0000000028b06000 	/System/Library/PrivateFrameworks/ProtocolBuffer.framework/Versions/A/ProtocolBuffer
0x0000000028b06000 	/System/Library/PrivateFrameworks/CoreWiFi.framework/Versions/A/CoreWiFi
0x0000000028b06000 	/System/Library/Frameworks/CoreBluetooth.framework/Versions/A/CoreBluetooth
0x0000000028b06000 	/System/Library/PrivateFrameworks/DebugSymbols.framework/Versions/A/DebugSymbols
0x0000000028b06000 	/System/Library/PrivateFrameworks/CoreSymbolication.framework/Versions/A/CoreSymbolication
0x0000000028b06000 	/System/Library/PrivateFrameworks/Symbolication.framework/Versions/A/Symbolication
0x0000000028b06000 	/System/Library/PrivateFrameworks/AppleFSCompression.framework/Versions/A/AppleFSCompression
0x0000000028b06000 	/System/Library/PrivateFrameworks/SpeechRecognitionCore.framework/Versions/A/SpeechRecognitionCore
0x0000000028b06000 	/System/Library/CoreServices/Encodings/libSimplifiedChineseConverter.dylib
0x0000000102000000 	/Library/Java/JavaVirtualMachines/jdk1.8.0_171.jdk/Contents/Home/jre/lib/server/libjvm.dylib
0x0000000028b06000 	/usr/lib/libstdc++.6.0.9.dylib
0x0000000100f1a000 	/Library/Java/JavaVirtualMachines/jdk1.8.0_171.jdk/Contents/Home/jre/lib/libverify.dylib
0x0000000100f28000 	/Library/Java/JavaVirtualMachines/jdk1.8.0_171.jdk/Contents/Home/jre/lib/libjava.dylib
0x0000000100f5f000 	/Library/Java/JavaVirtualMachines/jdk1.8.0_171.jdk/Contents/Home/jre/lib/libjdwp.dylib
0x0000000100faa000 	/Library/Java/JavaVirtualMachines/jdk1.8.0_171.jdk/Contents/Home/jre/lib/libnpt.dylib
0x0000000100ff7000 	/Library/Java/JavaVirtualMachines/jdk1.8.0_171.jdk/Contents/Home/jre/lib/libzip.dylib
0x000000010bf23000 	/Library/Java/JavaVirtualMachines/jdk1.8.0_171.jdk/Contents/Home/jre/lib/libdt_socket.dylib
0x000000010c09b000 	/Library/Java/JavaVirtualMachines/jdk1.8.0_171.jdk/Contents/Home/jre/lib/libnet.dylib
0x000000010c1c0000 	/Library/Java/JavaVirtualMachines/jdk1.8.0_171.jdk/Contents/Home/jre/lib/libnio.dylib

VM Arguments:
jvm_args: -agentlib:jdwp=transport=dt_socket,suspend=y,address=localhost:54584 -Dmaven.home=EMBEDDED -Dclassworlds.conf=/Users/joker/Java/oxygen_workspace/.metadata/.plugins/org.eclipse.m2e.launching/launches/m2conf3786601808898457286.tmp -Dmaven.multiModuleProjectDirectory=/Users/joker/Java/oxygen_workspace/dlxy/dlxy-system -Dfile.encoding=UTF-8 
java_command: org.codehaus.plexus.classworlds.launcher.Launcher -B -X -e -s /Users/joker/.m2/settings.xml clean tomcat7:run
java_class_path (initial): /Applications/Eclipse.app/Contents/Eclipse/plugins/org.eclipse.m2e.maven.runtime_1.8.3.20180227-2135/jars/plexus-classworlds-2.5.2.jar
Launcher Type: SUN_STANDARD

Environment Variables:
PATH=/usr/bin:/bin:/usr/sbin:/sbin
SHELL=/bin/bash

Signal Handlers:
SIGSEGV: [libjvm.dylib+0x5b512d], sa_mask[0]=11111111011111110111111111111111, sa_flags=SA_ONSTACK|SA_RESTART|SA_SIGINFO
SIGBUS: [libjvm.dylib+0x5b512d], sa_mask[0]=11111111011111110111111111111111, sa_flags=SA_RESTART|SA_SIGINFO
SIGFPE: [libjvm.dylib+0x48aa90], sa_mask[0]=11111111011111110111111111111111, sa_flags=SA_RESTART|SA_SIGINFO
SIGPIPE: [libjvm.dylib+0x48aa90], sa_mask[0]=11111111011111110111111111111111, sa_flags=SA_RESTART|SA_SIGINFO
SIGXFSZ: [libjvm.dylib+0x48aa90], sa_mask[0]=11111111011111110111111111111111, sa_flags=SA_RESTART|SA_SIGINFO
SIGILL: [libjvm.dylib+0x48aa90], sa_mask[0]=11111111011111110111111111111111, sa_flags=SA_RESTART|SA_SIGINFO
SIGUSR1: SIG_DFL, sa_mask[0]=00000000000000000000000000000000, sa_flags=none
SIGUSR2: [libjvm.dylib+0x48a5ae], sa_mask[0]=00100000000000000000000000000000, sa_flags=SA_RESTART|SA_SIGINFO
SIGHUP: [libjvm.dylib+0x488b79], sa_mask[0]=11111111011111110111111111111111, sa_flags=SA_RESTART|SA_SIGINFO
SIGINT: [libjvm.dylib+0x488b79], sa_mask[0]=11111111011111110111111111111111, sa_flags=SA_RESTART|SA_SIGINFO
SIGTERM: [libjvm.dylib+0x488b79], sa_mask[0]=11111111011111110111111111111111, sa_flags=SA_RESTART|SA_SIGINFO
SIGQUIT: [libjvm.dylib+0x488b79], sa_mask[0]=11111111011111110111111111111111, sa_flags=SA_RESTART|SA_SIGINFO


---------------  S Y S T E M  ---------------

OS:Bsduname:Darwin 17.5.0 Darwin Kernel Version 17.5.0: Mon Mar  5 22:24:32 PST 2018; root:xnu-4570.51.1~1/RELEASE_X86_64 x86_64
rlimit: STACK 8192k, CORE 0k, NPROC 709, NOFILE 10240, AS infinity
load average:2.62 2.59 2.54

CPU:total 8 (initial active 8) (4 cores per cpu, 2 threads per core) family 6 model 60 stepping 3, cmov, cx8, fxsr, mmx, sse, sse2, sse3, ssse3, sse4.1, sse4.2, popcnt, avx, avx2, aes, clmul, erms, lzcnt, ht, tsc, tscinvbit, bmi1, bmi2

Memory: 4k page, physical 8388608k(21236k free)

/proc/meminfo:


vm_info: Java HotSpot(TM) 64-Bit Server VM (25.171-b11) for bsd-amd64 JRE (1.8.0_171-b11), built on Mar 28 2018 12:50:57 by "java_re" with gcc 4.2.1 (Based on Apple Inc. build 5658) (LLVM build 2336.11.00)

time: Thu Jul 19 15:58:56 2018
elapsed time: 2 seconds (0d 0h 0m 2s)

