#
# A fatal error has been detected by the Java Runtime Environment:
#
#  SIGSEGV (0xb) at pc=0x0000000102daa441, pid=3491, tid=0x0000000000002107
#
# JRE version: Java(TM) SE Runtime Environment (8.0_171-b11) (build 1.8.0_171-b11)
# Java VM: Java HotSpot(TM) 64-Bit Server VM (25.171-b11 mixed mode bsd-amd64 compressed oops)
# Problematic frame:
# V  [libjvm.dylib+0x1aa441]
#
# Failed to write core dump. Core dumps have been disabled. To enable core dumping, try "ulimit -c unlimited" before starting Java again
#
# If you would like to submit a bug report, please visit:
#   http://bugreport.java.com/bugreport/crash.jsp
#

---------------  T H R E A D  ---------------

Current thread (0x00007f80b6803800):  GCTaskThread [stack: 0x000070000f8b8000,0x000070000f9b8000] [id=8455]

siginfo: si_signo: 11 (SIGSEGV), si_code: 1 (SEGV_MAPERR), si_addr: 0x0000000000000008

Registers:
RAX=0x0000000103443ad0, RBX=0x0000000000000019, RCX=0x0000000000000003, RDX=0x0000000000000001
RSP=0x000070000f9b7bd0, RBP=0x000070000f9b7bd0, RSI=0x000000079990cff8, RDI=0x0000000000000000
R8 =0x00000001034f7aa0, R9 =0x000000079e3f8000, R10=0x000000079e400000, R11=0x0000000004ad7cb0
R12=0x00000001034ed7c6, R13=0x000000079e3fd86d, R14=0x00007f80b6834200, R15=0x00007f80b6834298
RIP=0x0000000102daa441, EFLAGS=0x0000000000010246, ERR=0x0000000000000004
  TRAPNO=0x000000000000000e

Top of Stack: (sp=0x000070000f9b7bd0)
0x000070000f9b7bd0:   000070000f9b7c40 00000001030ca6e5
0x000070000f9b7be0:   000070000f9b7c70 000000079990cff8
0x000070000f9b7bf0:   000000079e3f8000 0000000000001000
0x000070000f9b7c00:   00007f80b4e06268 0000000000000016
0x000070000f9b7c10:   0000000000000021 000000079e3fd86d
0x000070000f9b7c20:   00000001034ed7c6 000000079e3fd86d
0x000070000f9b7c30:   000000079e3fd86c 00007f80b6834298
0x000070000f9b7c40:   000070000f9b7c60 00000001030cabfb
0x000070000f9b7c50:   00007f80b6834200 00007f80b6834260
0x000070000f9b7c60:   000070000f9b7cc0 00000001030c9c1b
0x000070000f9b7c70:   00000007404cfdd4 00000007c0001938
0x000070000f9b7c80:   000000079e3fd86d 00000007c0001938
0x000070000f9b7c90:   00007f80b6834200 00000007404cfe30
0x000070000f9b7ca0:   0000000103fb067f 00000007404cfe00
0x000070000f9b7cb0:   0000000103fb0681 0000000000000240
0x000070000f9b7cc0:   000070000f9b7d80 0000000102d57b5e
0x000070000f9b7cd0:   00007f80b4e07368 0000000000000400
0x000070000f9b7ce0:   fffffffefc04cf15 0000000000000200
0x000070000f9b7cf0:   0000000103fb30e9 00000001005ae200
0x000070000f9b7d00:   0000000103fb30ea 0000000003a02400
0x000070000f9b7d10:   fffffffefc04f97f 0000000003a050ea
0x000070000f9b7d20:   0000000103fb0680 0000000103fb0601
0x000070000f9b7d30:   0000000740a1d250 00000007404d0008
0x000070000f9b7d40:   00007f80b4e021a0 00007f80b6834200
0x000070000f9b7d50:   00007f80b4e01f50 00007f80b4f05e20
0x000070000f9b7d60:   0000000000000000 0000000103218be3
0x000070000f9b7d70:   00007f80b6834200 0000000000000001
0x000070000f9b7d80:   000070000f9b7db0 00000001030cd75b
0x000070000f9b7d90:   0000000000000008 00007f80b4e053f0
0x000070000f9b7da0:   00007f80b6803800 00007f80b4f05e20
0x000070000f9b7db0:   000070000f9b7e90 0000000102e774db
0x000070000f9b7dc0:   000070000f9b7df0 00007f80b4e056d0 

Instructions: (pc=0x0000000102daa441)
0x0000000102daa421:   84 d2 48 89 fe 74 15 48 8d 05 a1 96 69 00 8a 48
0x0000000102daa431:   08 8b 7e 08 48 d3 e7 48 03 38 eb 04 48 8b 7e 08
0x0000000102daa441:   8b 47 08 85 c0 7e 09 a8 01 75 4e c1 f8 03 eb 47
0x0000000102daa451:   85 c0 7f 43 85 c0 79 41 84 d2 0f 94 c1 0f b6 c9 

Register to memory mapping:

RAX=0x0000000103443ad0: _ZN8Universe13_narrow_klassE+0 in /Library/Java/JavaVirtualMachines/jdk1.8.0_171.jdk/Contents/Home/jre/lib/server/libjvm.dylib at 0x0000000102c00000
RBX=0x0000000000000019 is an unknown value
RCX=0x0000000000000003 is an unknown value
RDX=0x0000000000000001 is an unknown value
RSP=0x000070000f9b7bd0 is an unknown value
RBP=0x000070000f9b7bd0 is an unknown value
RSI=0x000000079990cff8 is an oop

[error occurred during error reporting (printing register info), id 0xb]

Stack: [0x000070000f8b8000,0x000070000f9b8000],  sp=0x000070000f9b7bd0,  free space=1022k
Native frames: (J=compiled Java code, j=interpreted, Vv=VM code, C=native code)
V  [libjvm.dylib+0x1aa441]
V  [libjvm.dylib+0x4ca6e5]
V  [libjvm.dylib+0x4cabfb]
V  [libjvm.dylib+0x4c9c1b]
V  [libjvm.dylib+0x157b5e]
V  [libjvm.dylib+0x4cd75b]
V  [libjvm.dylib+0x2774db]
V  [libjvm.dylib+0x48d4a6]
C  [libsystem_pthread.dylib+0x3661]  _pthread_body+0x154
C  [libsystem_pthread.dylib+0x350d]  _pthread_body+0x0
C  [libsystem_pthread.dylib+0x2bf9]  thread_start+0xd


---------------  P R O C E S S  ---------------

Java Threads: ( => current thread )
  0x00007f80b604d800 JavaThread "Service Thread" daemon [_thread_blocked, id=43011, stack(0x0000700010bf1000,0x0000700010cf1000)]
  0x00007f80b9000000 JavaThread "C1 CompilerThread3" daemon [_thread_blocked, id=22019, stack(0x0000700010aee000,0x0000700010bee000)]
  0x00007f80b6038800 JavaThread "C2 CompilerThread2" daemon [_thread_in_native, id=16899, stack(0x00007000109eb000,0x0000700010aeb000)]
  0x00007f80b6025800 JavaThread "C2 CompilerThread1" daemon [_thread_blocked, id=16387, stack(0x00007000108e8000,0x00007000109e8000)]
  0x00007f80b680b000 JavaThread "C2 CompilerThread0" daemon [_thread_blocked, id=17155, stack(0x00007000107e5000,0x00007000108e5000)]
  0x00007f80b6037800 JavaThread "JDWP Command Reader" daemon [_thread_in_native, id=15619, stack(0x00007000106e2000,0x00007000107e2000)]
  0x00007f80b5817000 JavaThread "JDWP Event Helper Thread" daemon [_thread_blocked, id=17667, stack(0x00007000105df000,0x00007000106df000)]
  0x00007f80b580b800 JavaThread "JDWP Transport Listener: dt_socket" daemon [_thread_blocked, id=15367, stack(0x00007000104dc000,0x00007000105dc000)]
  0x00007f80b6025000 JavaThread "Signal Dispatcher" daemon [_thread_blocked, id=14859, stack(0x00007000103d9000,0x00007000104d9000)]
  0x00007f80b6838800 JavaThread "Finalizer" daemon [_thread_blocked, id=19203, stack(0x00007000102d6000,0x00007000103d6000)]
  0x00007f80b6836000 JavaThread "Reference Handler" daemon [_thread_blocked, id=12547, stack(0x00007000101d3000,0x00007000102d3000)]
  0x00007f80b8001800 JavaThread "main" [_thread_blocked, id=6403, stack(0x000070000f7b5000,0x000070000f8b5000)]

Other Threads:
  0x00007f80b6835800 VMThread [stack: 0x00007000100d0000,0x00007000101d0000] [id=19971]
  0x00007f80b680c000 WatcherThread [stack: 0x0000700010cf4000,0x0000700010df4000] [id=22275]

=>0x00007f80b6803800 (exited) GCTaskThread [stack: 0x000070000f8b8000,0x000070000f9b8000] [id=8455]

VM state:at safepoint (normal execution)

VM Mutex/Monitor currently owned by a thread:  ([mutex/lock_event])
[0x00007f80b4d10060] Threads_lock - owner thread: 0x00007f80b6835800
[0x00007f80b4d10560] Heap_lock - owner thread: 0x00007f80b8001800

Heap:
 PSYoungGen      total 71680K, used 40586K [0x0000000795580000, 0x000000079eb80000, 0x00000007c0000000)
  eden space 66560K, 53% used [0x0000000795580000,0x00000007978268a0,0x0000000799680000)
  from space 5120K, 99% used [0x0000000799680000,0x0000000799b7c010,0x0000000799b80000)
  to   space 10240K, 71% used [0x000000079e180000,0x000000079e89b5a8,0x000000079eb80000)
 ParOldGen       total 87552K, used 10364K [0x0000000740000000, 0x0000000745580000, 0x0000000795580000)
  object space 87552K, 11% used [0x0000000740000000,0x0000000740a1f250,0x0000000745580000)
 Metaspace       used 20630K, capacity 21092K, committed 21296K, reserved 1069056K
  class space    used 2459K, capacity 2594K, committed 2688K, reserved 1048576K

Card table byte_map: [0x0000000103fae000,0x00000001043af000] byte_map_base: 0x00000001005ae000

Marking Bits: (ParMarkBitMap*) 0x00000001034f76e0
 Begin Bits: [0x0000000116fcb000, 0x0000000118fcb000)
 End Bits:   [0x0000000118fcb000, 0x000000011afcb000)

Polling page: 0x0000000101b7a000

CodeCache: size=245760Kb used=11623Kb max_used=11672Kb free=234136Kb
 bounds [0x0000000107fcb000, 0x0000000108b3b000, 0x0000000116fcb000]
 total_blobs=3628 nmethods=3267 adapters=282
 compilation: enabled

Compilation events (10 events):
Event: 3.037 Thread 0x00007f80b9000000 3273       3       com.sun.tools.javac.util.SharedNameTable::fromChars (187 bytes)
Event: 3.038 Thread 0x00007f80b9000000 nmethod 3273 0x0000000108b0e850 code [0x0000000108b0ea60, 0x0000000108b0f598]
Event: 3.038 Thread 0x00007f80b9000000 3274       1       com.sun.tools.javac.util.SharedNameTable$NameImpl::getIndex (5 bytes)
Event: 3.038 Thread 0x00007f80b9000000 nmethod 3274 0x0000000108afde90 code [0x0000000108afdfe0, 0x0000000108afe0f0]
Event: 3.039 Thread 0x00007f80b9000000 3275       3       com.sun.tools.javac.util.Context::uncheckedCast (2 bytes)
Event: 3.039 Thread 0x00007f80b9000000 nmethod 3275 0x0000000108afdb90 code [0x0000000108afdce0, 0x0000000108afde10]
Event: 3.051 Thread 0x00007f80b9000000 3276       3       com.sun.tools.javac.util.Context::get (82 bytes)
Event: 3.052 Thread 0x00007f80b9000000 nmethod 3276 0x0000000108b0cc50 code [0x0000000108b0cee0, 0x0000000108b0de38]
Event: 3.056 Thread 0x00007f80b6025800 3277       4       java.nio.charset.CharsetEncoder::implReset (1 bytes)
Event: 3.056 Thread 0x00007f80b6025800 nmethod 3277 0x0000000108b09e10 code [0x0000000108b09f60, 0x0000000108b09fb8]

GC Heap History (10 events):
Event: 0.658 GC heap after
Heap after GC invocations=1 (full 0):
 PSYoungGen      total 38400K, used 4680K [0x0000000795580000, 0x0000000798000000, 0x00000007c0000000)
  eden space 33280K, 0% used [0x0000000795580000,0x0000000795580000,0x0000000797600000)
  from space 5120K, 91% used [0x0000000797600000,0x0000000797a92160,0x0000000797b00000)
  to   space 5120K, 0% used [0x0000000797b00000,0x0000000797b00000,0x0000000798000000)
 ParOldGen       total 87552K, used 8K [0x0000000740000000, 0x0000000745580000, 0x0000000795580000)
  object space 87552K, 0% used [0x0000000740000000,0x0000000740002000,0x0000000745580000)
 Metaspace       used 7905K, capacity 8124K, committed 8320K, reserved 1056768K
  class space    used 977K, capacity 1052K, committed 1152K, reserved 1048576K
}
Event: 1.100 GC heap before
{Heap before GC invocations=2 (full 0):
 PSYoungGen      total 38400K, used 37960K [0x0000000795580000, 0x0000000798000000, 0x00000007c0000000)
  eden space 33280K, 100% used [0x0000000795580000,0x0000000797600000,0x0000000797600000)
  from space 5120K, 91% used [0x0000000797600000,0x0000000797a92160,0x0000000797b00000)
  to   space 5120K, 0% used [0x0000000797b00000,0x0000000797b00000,0x0000000798000000)
 ParOldGen       total 87552K, used 8K [0x0000000740000000, 0x0000000745580000, 0x0000000795580000)
  object space 87552K, 0% used [0x0000000740000000,0x0000000740002000,0x0000000745580000)
 Metaspace       used 11654K, capacity 11848K, committed 12160K, reserved 1060864K
  class space    used 1449K, capacity 1544K, committed 1664K, reserved 1048576K
Event: 1.107 GC heap after
Heap after GC invocations=2 (full 0):
 PSYoungGen      total 38400K, used 5108K [0x0000000795580000, 0x000000079a080000, 0x00000007c0000000)
  eden space 33280K, 0% used [0x0000000795580000,0x0000000795580000,0x0000000797600000)
  from space 5120K, 99% used [0x0000000797b00000,0x0000000797ffd230,0x0000000798000000)
  to   space 5120K, 0% used [0x0000000797600000,0x0000000797600000,0x0000000797b00000)
 ParOldGen       total 87552K, used 1827K [0x0000000740000000, 0x0000000745580000, 0x0000000795580000)
  object space 87552K, 2% used [0x0000000740000000,0x00000007401c8d40,0x0000000745580000)
 Metaspace       used 11654K, capacity 11848K, committed 12160K, reserved 1060864K
  class space    used 1449K, capacity 1544K, committed 1664K, reserved 1048576K
}
Event: 1.684 GC heap before
{Heap before GC invocations=3 (full 0):
 PSYoungGen      total 38400K, used 38388K [0x0000000795580000, 0x000000079a080000, 0x00000007c0000000)
  eden space 33280K, 100% used [0x0000000795580000,0x0000000797600000,0x0000000797600000)
  from space 5120K, 99% used [0x0000000797b00000,0x0000000797ffd230,0x0000000798000000)
  to   space 5120K, 0% used [0x0000000797600000,0x0000000797600000,0x0000000797b00000)
 ParOldGen       total 87552K, used 1827K [0x0000000740000000, 0x0000000745580000, 0x0000000795580000)
  object space 87552K, 2% used [0x0000000740000000,0x00000007401c8d40,0x0000000745580000)
 Metaspace       used 15078K, capacity 15292K, committed 15488K, reserved 1062912K
  class space    used 1834K, capacity 1910K, committed 1920K, reserved 1048576K
Event: 1.691 GC heap after
Heap after GC invocations=3 (full 0):
 PSYoungGen      total 38400K, used 5088K [0x0000000795580000, 0x000000079a080000, 0x00000007c0000000)
  eden space 33280K, 0% used [0x0000000795580000,0x0000000795580000,0x0000000797600000)
  from space 5120K, 99% used [0x0000000797600000,0x0000000797af8040,0x0000000797b00000)
  to   space 5120K, 0% used [0x0000000799b80000,0x0000000799b80000,0x000000079a080000)
 ParOldGen       total 87552K, used 4287K [0x0000000740000000, 0x0000000745580000, 0x0000000795580000)
  object space 87552K, 4% used [0x0000000740000000,0x000000074042fcd0,0x0000000745580000)
 Metaspace       used 15078K, capacity 15292K, committed 15488K, reserved 1062912K
  class space    used 1834K, capacity 1910K, committed 1920K, reserved 1048576K
}
Event: 1.946 GC heap before
{Heap before GC invocations=4 (full 0):
 PSYoungGen      total 38400K, used 38368K [0x0000000795580000, 0x000000079a080000, 0x00000007c0000000)
  eden space 33280K, 100% used [0x0000000795580000,0x0000000797600000,0x0000000797600000)
  from space 5120K, 99% used [0x0000000797600000,0x0000000797af8040,0x0000000797b00000)
  to   space 5120K, 0% used [0x0000000799b80000,0x0000000799b80000,0x000000079a080000)
 ParOldGen       total 87552K, used 4287K [0x0000000740000000, 0x0000000745580000, 0x0000000795580000)
  object space 87552K, 4% used [0x0000000740000000,0x000000074042fcd0,0x0000000745580000)
 Metaspace       used 15321K, capacity 15584K, committed 15744K, reserved 1062912K
  class space    used 1839K, capacity 1916K, committed 1920K, reserved 1048576K
Event: 1.954 GC heap after
Heap after GC invocations=4 (full 0):
 PSYoungGen      total 71680K, used 5120K [0x0000000795580000, 0x000000079a080000, 0x00000007c0000000)
  eden space 66560K, 0% used [0x0000000795580000,0x0000000795580000,0x0000000799680000)
  from space 5120K, 100% used [0x0000000799b80000,0x000000079a080000,0x000000079a080000)
  to   space 5120K, 0% used [0x0000000799680000,0x0000000799680000,0x0000000799b80000)
 ParOldGen       total 87552K, used 6367K [0x0000000740000000, 0x0000000745580000, 0x0000000795580000)
  object space 87552K, 7% used [0x0000000740000000,0x0000000740637ce0,0x0000000745580000)
 Metaspace       used 15321K, capacity 15584K, committed 15744K, reserved 1062912K
  class space    used 1839K, capacity 1916K, committed 1920K, reserved 1048576K
}
Event: 2.573 GC heap before
{Heap before GC invocations=5 (full 0):
 PSYoungGen      total 71680K, used 71680K [0x0000000795580000, 0x000000079a080000, 0x00000007c0000000)
  eden space 66560K, 100% used [0x0000000795580000,0x0000000799680000,0x0000000799680000)
  from space 5120K, 100% used [0x0000000799b80000,0x000000079a080000,0x000000079a080000)
  to   space 5120K, 0% used [0x0000000799680000,0x0000000799680000,0x0000000799b80000)
 ParOldGen       total 87552K, used 6367K [0x0000000740000000, 0x0000000745580000, 0x0000000795580000)
  object space 87552K, 7% used [0x0000000740000000,0x0000000740637ce0,0x0000000745580000)
 Metaspace       used 16600K, capacity 17044K, committed 17152K, reserved 1064960K
  class space    used 1947K, capacity 2034K, committed 2048K, reserved 1048576K
Event: 2.586 GC heap after
Heap after GC invocations=5 (full 0):
 PSYoungGen      total 71680K, used 5104K [0x0000000795580000, 0x000000079eb80000, 0x00000007c0000000)
  eden space 66560K, 0% used [0x0000000795580000,0x0000000795580000,0x0000000799680000)
  from space 5120K, 99% used [0x0000000799680000,0x0000000799b7c010,0x0000000799b80000)
  to   space 10240K, 0% used [0x000000079e180000,0x000000079e180000,0x000000079eb80000)
 ParOldGen       total 87552K, used 10356K [0x0000000740000000, 0x0000000745580000, 0x0000000795580000)
  object space 87552K, 11% used [0x0000000740000000,0x0000000740a1d250,0x0000000745580000)
 Metaspace       used 16600K, capacity 17044K, committed 17152K, reserved 1064960K
  class space    used 1947K, capacity 2034K, committed 2048K, reserved 1048576K
}
Event: 3.059 GC heap before
{Heap before GC invocations=6 (full 0):
 PSYoungGen      total 71680K, used 40586K [0x0000000795580000, 0x000000079eb80000, 0x00000007c0000000)
  eden space 66560K, 53% used [0x0000000795580000,0x00000007978268a0,0x0000000799680000)
  from space 5120K, 99% used [0x0000000799680000,0x0000000799b7c010,0x0000000799b80000)
  to   space 10240K, 0% used [0x000000079e180000,0x000000079e180000,0x000000079eb80000)
 ParOldGen       total 87552K, used 10356K [0x0000000740000000, 0x0000000745580000, 0x0000000795580000)
  object space 87552K, 11% used [0x0000000740000000,0x0000000740a1d250,0x0000000745580000)
 Metaspace       used 20630K, capacity 21092K, committed 21296K, reserved 1069056K
  class space    used 2459K, capacity 2594K, committed 2688K, reserved 1048576K

Deoptimization events (10 events):
Event: 3.057 Thread 0x00007f80b8001800 Uncommon trap: reason=unhandled action=none pc=0x000000010859fe1c method=java.net.URLClassLoader.findClass(Ljava/lang/String;)Ljava/lang/Class; @ 44
Event: 3.057 Thread 0x00007f80b8001800 Uncommon trap: reason=unhandled action=none pc=0x000000010859fe1c method=java.net.URLClassLoader.findClass(Ljava/lang/String;)Ljava/lang/Class; @ 44
Event: 3.057 Thread 0x00007f80b8001800 Uncommon trap: reason=unhandled action=none pc=0x000000010859fe1c method=java.net.URLClassLoader.findClass(Ljava/lang/String;)Ljava/lang/Class; @ 44
Event: 3.057 Thread 0x00007f80b8001800 Uncommon trap: reason=unhandled action=none pc=0x000000010859fe1c method=java.net.URLClassLoader.findClass(Ljava/lang/String;)Ljava/lang/Class; @ 44
Event: 3.058 Thread 0x00007f80b8001800 Uncommon trap: reason=unhandled action=none pc=0x000000010859fe1c method=java.net.URLClassLoader.findClass(Ljava/lang/String;)Ljava/lang/Class; @ 44
Event: 3.058 Thread 0x00007f80b8001800 Uncommon trap: reason=unhandled action=none pc=0x000000010859fe1c method=java.net.URLClassLoader.findClass(Ljava/lang/String;)Ljava/lang/Class; @ 44
Event: 3.059 Thread 0x00007f80b8001800 Uncommon trap: reason=unhandled action=none pc=0x000000010859fe1c method=java.net.URLClassLoader.findClass(Ljava/lang/String;)Ljava/lang/Class; @ 44
Event: 3.059 Thread 0x00007f80b8001800 Uncommon trap: reason=unhandled action=none pc=0x000000010859fe1c method=java.net.URLClassLoader.findClass(Ljava/lang/String;)Ljava/lang/Class; @ 44
Event: 3.059 Thread 0x00007f80b8001800 Uncommon trap: reason=unhandled action=none pc=0x000000010859fe1c method=java.net.URLClassLoader.findClass(Ljava/lang/String;)Ljava/lang/Class; @ 44
Event: 3.059 Thread 0x00007f80b8001800 Uncommon trap: reason=unhandled action=none pc=0x000000010859fe1c method=java.net.URLClassLoader.findClass(Ljava/lang/String;)Ljava/lang/Class; @ 44

Classes redefined (0 events):
No events

Internal exceptions (10 events):
Event: 2.682 Thread 0x00007f80b8001800 Exception <a 'java/lang/ArrayIndexOutOfBoundsException': 112> (0x00000007963c30e0) thrown at [/Users/java_re/workspace/8-2-build-macosx-x86_64/jdk8u171/10807/hotspot/src/share/vm/interpreter/interpreterRuntime.cpp, line 366]
Event: 2.682 Thread 0x00007f80b8001800 Exception <a 'java/lang/ArrayIndexOutOfBoundsException': 100> (0x00000007963c4e98) thrown at [/Users/java_re/workspace/8-2-build-macosx-x86_64/jdk8u171/10807/hotspot/src/share/vm/interpreter/interpreterRuntime.cpp, line 366]
Event: 2.682 Thread 0x00007f80b8001800 Exception <a 'java/lang/ArrayIndexOutOfBoundsException': 86> (0x00000007963c64e0) thrown at [/Users/java_re/workspace/8-2-build-macosx-x86_64/jdk8u171/10807/hotspot/src/share/vm/interpreter/interpreterRuntime.cpp, line 366]
Event: 2.682 Thread 0x00007f80b8001800 Exception <a 'java/lang/ArrayIndexOutOfBoundsException': 111> (0x00000007963c7c58) thrown at [/Users/java_re/workspace/8-2-build-macosx-x86_64/jdk8u171/10807/hotspot/src/share/vm/interpreter/interpreterRuntime.cpp, line 366]
Event: 2.682 Thread 0x00007f80b8001800 Exception <a 'java/lang/ArrayIndexOutOfBoundsException': 113> (0x00000007963c9998) thrown at [/Users/java_re/workspace/8-2-build-macosx-x86_64/jdk8u171/10807/hotspot/src/share/vm/interpreter/interpreterRuntime.cpp, line 366]
Event: 2.697 Thread 0x00007f80b8001800 Exception <a 'java/lang/ArrayIndexOutOfBoundsException': 37> (0x0000000796544688) thrown at [/Users/java_re/workspace/8-2-build-macosx-x86_64/jdk8u171/10807/hotspot/src/share/vm/interpreter/interpreterRuntime.cpp, line 366]
Event: 2.697 Thread 0x00007f80b8001800 Exception <a 'java/lang/ArrayIndexOutOfBoundsException': 72> (0x0000000796545e68) thrown at [/Users/java_re/workspace/8-2-build-macosx-x86_64/jdk8u171/10807/hotspot/src/share/vm/interpreter/interpreterRuntime.cpp, line 366]
Event: 2.697 Thread 0x00007f80b8001800 Exception <a 'java/lang/ArrayIndexOutOfBoundsException': 83> (0x0000000796547788) thrown at [/Users/java_re/workspace/8-2-build-macosx-x86_64/jdk8u171/10807/hotspot/src/share/vm/interpreter/interpreterRuntime.cpp, line 366]
Event: 2.697 Thread 0x00007f80b8001800 Exception <a 'java/lang/ArrayIndexOutOfBoundsException': 83> (0x0000000796549160) thrown at [/Users/java_re/workspace/8-2-build-macosx-x86_64/jdk8u171/10807/hotspot/src/share/vm/interpreter/interpreterRuntime.cpp, line 366]
Event: 2.779 Thread 0x00007f80b8001800 Exception <a 'java/lang/ClassNotFoundException': com/sun/tools/javac/api/JavacTool> (0x0000000796b8cf40) thrown at [/Users/java_re/workspace/8-2-build-macosx-x86_64/jdk8u171/10807/hotspot/src/share/vm/classfile/systemDictionary.cpp, line 210]

Events (10 events):
Event: 3.059 Thread 0x00007f80b8001800 DEOPT PACKING pc=0x000000010859fe1c sp=0x000070000f8b1960
Event: 3.059 Thread 0x00007f80b8001800 DEOPT UNPACKING pc=0x000000010801073a sp=0x000070000f8b1918 mode 2
Event: 3.059 Thread 0x00007f80b8001800 DEOPT PACKING pc=0x000000010850dafc sp=0x000070000f8b19a0
Event: 3.059 Thread 0x00007f80b8001800 DEOPT UNPACKING pc=0x0000000108012784 sp=0x000070000f8b1740 mode 1
Event: 3.059 Thread 0x00007f80b8001800 DEOPT PACKING pc=0x000000010850e08c sp=0x000070000f8b1a90
Event: 3.059 Thread 0x00007f80b8001800 DEOPT UNPACKING pc=0x0000000108012784 sp=0x000070000f8b1708 mode 1
Event: 3.059 Thread 0x00007f80b8001800 Uncommon trap: trap_request=0xffffffa7 fr.pc=0x000000010859fe1c
Event: 3.059 Thread 0x00007f80b8001800 DEOPT PACKING pc=0x000000010859fe1c sp=0x000070000f8b1950
Event: 3.059 Thread 0x00007f80b8001800 DEOPT UNPACKING pc=0x000000010801073a sp=0x000070000f8b1918 mode 2
Event: 3.059 Executing VM operation: CollectForMetadataAllocation


Dynamic libraries:
0x0000000028b06000 	/System/Library/Frameworks/Cocoa.framework/Versions/A/Cocoa
0x0000000028b06000 	/System/Library/Frameworks/Security.framework/Versions/A/Security
0x0000000028b06000 	/System/Library/Frameworks/ApplicationServices.framework/Versions/A/ApplicationServices
0x0000000028b06000 	/usr/lib/libz.1.dylib
0x0000000028b06000 	/usr/lib/libSystem.B.dylib
0x0000000028b06000 	/usr/lib/libobjc.A.dylib
0x0000000028b06000 	/System/Library/Frameworks/CoreFoundation.framework/Versions/A/CoreFoundation
0x0000000028b06000 	/System/Library/Frameworks/Foundation.framework/Versions/C/Foundation
0x0000000028b06000 	/System/Library/Frameworks/AppKit.framework/Versions/C/AppKit
0x0000000028b06000 	/System/Library/Frameworks/CoreData.framework/Versions/A/CoreData
0x0000000028b06000 	/System/Library/PrivateFrameworks/RemoteViewServices.framework/Versions/A/RemoteViewServices
0x0000000028b06000 	/System/Library/PrivateFrameworks/UIFoundation.framework/Versions/A/UIFoundation
0x0000000028b06000 	/System/Library/PrivateFrameworks/DFRFoundation.framework/Versions/A/DFRFoundation
0x0000000028b06000 	/System/Library/Frameworks/Metal.framework/Versions/A/Metal
0x0000000028b06000 	/System/Library/PrivateFrameworks/DesktopServicesPriv.framework/Versions/A/DesktopServicesPriv
0x0000000028b06000 	/usr/lib/libenergytrace.dylib
0x0000000028b06000 	/System/Library/PrivateFrameworks/SkyLight.framework/Versions/A/SkyLight
0x0000000028b06000 	/System/Library/Frameworks/CoreGraphics.framework/Versions/A/CoreGraphics
0x0000000028b06000 	/usr/lib/libScreenReader.dylib
0x0000000028b06000 	/System/Library/Frameworks/Accelerate.framework/Versions/A/Accelerate
0x0000000028b06000 	/System/Library/Frameworks/IOSurface.framework/Versions/A/IOSurface
0x0000000028b06000 	/System/Library/Frameworks/AudioToolbox.framework/Versions/A/AudioToolbox
0x0000000028b06000 	/System/Library/Frameworks/AudioUnit.framework/Versions/A/AudioUnit
0x0000000028b06000 	/System/Library/PrivateFrameworks/DataDetectorsCore.framework/Versions/A/DataDetectorsCore
0x0000000028b06000 	/System/Library/Frameworks/Carbon.framework/Versions/A/Frameworks/HIToolbox.framework/Versions/A/HIToolbox
0x0000000028b06000 	/usr/lib/libicucore.A.dylib
0x0000000028b06000 	/System/Library/Frameworks/QuartzCore.framework/Versions/A/QuartzCore
0x0000000028b06000 	/System/Library/PrivateFrameworks/SignpostNotification.framework/Versions/A/SignpostNotification
0x0000000028b06000 	/System/Library/Frameworks/Carbon.framework/Versions/A/Frameworks/SpeechRecognition.framework/Versions/A/SpeechRecognition
0x0000000028b06000 	/usr/lib/libauto.dylib
0x0000000028b06000 	/usr/lib/libxml2.2.dylib
0x0000000028b06000 	/System/Library/PrivateFrameworks/CoreUI.framework/Versions/A/CoreUI
0x0000000028b06000 	/System/Library/Frameworks/CoreAudio.framework/Versions/A/CoreAudio
0x0000000028b06000 	/System/Library/Frameworks/DiskArbitration.framework/Versions/A/DiskArbitration
0x0000000028b06000 	/usr/lib/liblangid.dylib
0x0000000028b06000 	/System/Library/PrivateFrameworks/MultitouchSupport.framework/Versions/A/MultitouchSupport
0x0000000028b06000 	/System/Library/Frameworks/IOKit.framework/Versions/A/IOKit
0x0000000028b06000 	/usr/lib/libDiagnosticMessagesClient.dylib
0x0000000028b06000 	/System/Library/Frameworks/CoreServices.framework/Versions/A/CoreServices
0x0000000028b06000 	/System/Library/PrivateFrameworks/PerformanceAnalysis.framework/Versions/A/PerformanceAnalysis
0x0000000028b06000 	/System/Library/Frameworks/OpenGL.framework/Versions/A/OpenGL
0x0000000028b06000 	/System/Library/Frameworks/ColorSync.framework/Versions/A/ColorSync
0x0000000028b06000 	/System/Library/Frameworks/CoreImage.framework/Versions/A/CoreImage
0x0000000028b06000 	/System/Library/Frameworks/CoreText.framework/Versions/A/CoreText
0x0000000028b06000 	/System/Library/Frameworks/ImageIO.framework/Versions/A/ImageIO
0x0000000028b06000 	/System/Library/PrivateFrameworks/Backup.framework/Versions/A/Backup
0x0000000028b06000 	/usr/lib/libarchive.2.dylib
0x0000000028b06000 	/System/Library/Frameworks/CFNetwork.framework/Versions/A/CFNetwork
0x0000000028b06000 	/System/Library/Frameworks/SystemConfiguration.framework/Versions/A/SystemConfiguration
0x0000000028b06000 	/usr/lib/libCRFSuite.dylib
0x0000000028b06000 	/usr/lib/libc++.1.dylib
0x0000000028b06000 	/usr/lib/libc++abi.dylib
0x0000000028b06000 	/usr/lib/system/libcache.dylib
0x0000000028b06000 	/usr/lib/system/libcommonCrypto.dylib
0x0000000028b06000 	/usr/lib/system/libcompiler_rt.dylib
0x0000000028b06000 	/usr/lib/system/libcopyfile.dylib
0x0000000028b06000 	/usr/lib/system/libcorecrypto.dylib
0x0000000028b06000 	/usr/lib/system/libdispatch.dylib
0x0000000028b06000 	/usr/lib/system/libdyld.dylib
0x0000000028b06000 	/usr/lib/system/libkeymgr.dylib
0x0000000028b06000 	/usr/lib/system/liblaunch.dylib
0x0000000028b06000 	/usr/lib/system/libmacho.dylib
0x0000000028b06000 	/usr/lib/system/libquarantine.dylib
0x0000000028b06000 	/usr/lib/system/libremovefile.dylib
0x0000000028b06000 	/usr/lib/system/libsystem_asl.dylib
0x0000000028b06000 	/usr/lib/system/libsystem_blocks.dylib
0x0000000028b06000 	/usr/lib/system/libsystem_c.dylib
0x0000000028b06000 	/usr/lib/system/libsystem_configuration.dylib
0x0000000028b06000 	/usr/lib/system/libsystem_coreservices.dylib
0x0000000028b06000 	/usr/lib/system/libsystem_darwin.dylib
0x0000000028b06000 	/usr/lib/system/libsystem_dnssd.dylib
0x0000000028b06000 	/usr/lib/system/libsystem_info.dylib
0x0000000028b06000 	/usr/lib/system/libsystem_m.dylib
0x0000000028b06000 	/usr/lib/system/libsystem_malloc.dylib
0x0000000028b06000 	/usr/lib/system/libsystem_network.dylib
0x0000000028b06000 	/usr/lib/system/libsystem_networkextension.dylib
0x0000000028b06000 	/usr/lib/system/libsystem_notify.dylib
0x0000000028b06000 	/usr/lib/system/libsystem_sandbox.dylib
0x0000000028b06000 	/usr/lib/system/libsystem_secinit.dylib
0x0000000028b06000 	/usr/lib/system/libsystem_kernel.dylib
0x0000000028b06000 	/usr/lib/system/libsystem_platform.dylib
0x0000000028b06000 	/usr/lib/system/libsystem_pthread.dylib
0x0000000028b06000 	/usr/lib/system/libsystem_symptoms.dylib
0x0000000028b06000 	/usr/lib/system/libsystem_trace.dylib
0x0000000028b06000 	/usr/lib/system/libunwind.dylib
0x0000000028b06000 	/usr/lib/system/libxpc.dylib
0x0000000028b06000 	/usr/lib/closure/libclosured.dylib
0x0000000028b06000 	/usr/lib/libbsm.0.dylib
0x0000000028b06000 	/usr/lib/system/libkxld.dylib
0x0000000028b06000 	/usr/lib/libOpenScriptingUtil.dylib
0x0000000028b06000 	/usr/lib/libcoretls.dylib
0x0000000028b06000 	/usr/lib/libcoretls_cfhelpers.dylib
0x0000000028b06000 	/usr/lib/libpam.2.dylib
0x0000000028b06000 	/usr/lib/libsqlite3.dylib
0x0000000028b06000 	/usr/lib/libxar.1.dylib
0x0000000028b06000 	/usr/lib/libbz2.1.0.dylib
0x0000000028b06000 	/usr/lib/liblzma.5.dylib
0x0000000028b06000 	/usr/lib/libnetwork.dylib
0x0000000028b06000 	/usr/lib/libapple_nghttp2.dylib
0x0000000028b06000 	/usr/lib/libpcap.A.dylib
0x0000000028b06000 	/usr/lib/libboringssl.dylib
0x0000000028b06000 	/usr/lib/libusrtcp.dylib
0x0000000028b06000 	/usr/lib/libapple_crypto.dylib
0x0000000028b06000 	/System/Library/Frameworks/CoreServices.framework/Versions/A/Frameworks/FSEvents.framework/Versions/A/FSEvents
0x0000000028b06000 	/System/Library/Frameworks/CoreServices.framework/Versions/A/Frameworks/CarbonCore.framework/Versions/A/CarbonCore
0x0000000028b06000 	/System/Library/Frameworks/CoreServices.framework/Versions/A/Frameworks/Metadata.framework/Versions/A/Metadata
0x0000000028b06000 	/System/Library/Frameworks/CoreServices.framework/Versions/A/Frameworks/OSServices.framework/Versions/A/OSServices
0x0000000028b06000 	/System/Library/Frameworks/CoreServices.framework/Versions/A/Frameworks/SearchKit.framework/Versions/A/SearchKit
0x0000000028b06000 	/System/Library/Frameworks/CoreServices.framework/Versions/A/Frameworks/AE.framework/Versions/A/AE
0x0000000028b06000 	/System/Library/Frameworks/CoreServices.framework/Versions/A/Frameworks/LaunchServices.framework/Versions/A/LaunchServices
0x0000000028b06000 	/System/Library/Frameworks/CoreServices.framework/Versions/A/Frameworks/DictionaryServices.framework/Versions/A/DictionaryServices
0x0000000028b06000 	/System/Library/Frameworks/CoreServices.framework/Versions/A/Frameworks/SharedFileList.framework/Versions/A/SharedFileList
0x0000000028b06000 	/System/Library/Frameworks/NetFS.framework/Versions/A/NetFS
0x0000000028b06000 	/System/Library/PrivateFrameworks/NetAuth.framework/Versions/A/NetAuth
0x0000000028b06000 	/System/Library/PrivateFrameworks/login.framework/Versions/A/Frameworks/loginsupport.framework/Versions/A/loginsupport
0x0000000028b06000 	/System/Library/PrivateFrameworks/TCC.framework/Versions/A/TCC
0x0000000028b06000 	/usr/lib/libmecabra.dylib
0x0000000028b06000 	/System/Library/Frameworks/ApplicationServices.framework/Versions/A/Frameworks/ATS.framework/Versions/A/ATS
0x0000000028b06000 	/System/Library/Frameworks/ApplicationServices.framework/Versions/A/Frameworks/ColorSyncLegacy.framework/Versions/A/ColorSyncLegacy
0x0000000028b06000 	/System/Library/Frameworks/ApplicationServices.framework/Versions/A/Frameworks/HIServices.framework/Versions/A/HIServices
0x0000000028b06000 	/System/Library/Frameworks/ApplicationServices.framework/Versions/A/Frameworks/LangAnalysis.framework/Versions/A/LangAnalysis
0x0000000028b06000 	/System/Library/Frameworks/ApplicationServices.framework/Versions/A/Frameworks/PrintCore.framework/Versions/A/PrintCore
0x0000000028b06000 	/System/Library/Frameworks/ApplicationServices.framework/Versions/A/Frameworks/QD.framework/Versions/A/QD
0x0000000028b06000 	/System/Library/Frameworks/ApplicationServices.framework/Versions/A/Frameworks/SpeechSynthesis.framework/Versions/A/SpeechSynthesis
0x0000000028b06000 	/System/Library/Frameworks/CoreDisplay.framework/Versions/A/CoreDisplay
0x0000000028b06000 	/System/Library/Frameworks/Accelerate.framework/Versions/A/Frameworks/vImage.framework/Versions/A/vImage
0x0000000028b06000 	/System/Library/Frameworks/Accelerate.framework/Versions/A/Frameworks/vecLib.framework/Versions/A/vecLib
0x0000000028b06000 	/System/Library/Frameworks/Accelerate.framework/Versions/A/Frameworks/vecLib.framework/Versions/A/libvDSP.dylib
0x0000000028b06000 	/System/Library/Frameworks/Accelerate.framework/Versions/A/Frameworks/vecLib.framework/Versions/A/libBNNS.dylib
0x0000000028b06000 	/System/Library/Frameworks/Accelerate.framework/Versions/A/Frameworks/vecLib.framework/Versions/A/libQuadrature.dylib
0x0000000028b06000 	/System/Library/Frameworks/Accelerate.framework/Versions/A/Frameworks/vecLib.framework/Versions/A/libvMisc.dylib
0x0000000028b06000 	/System/Library/Frameworks/Accelerate.framework/Versions/A/Frameworks/vecLib.framework/Versions/A/libLAPACK.dylib
0x0000000028b06000 	/System/Library/Frameworks/Accelerate.framework/Versions/A/Frameworks/vecLib.framework/Versions/A/libBLAS.dylib
0x0000000028b06000 	/System/Library/Frameworks/Accelerate.framework/Versions/A/Frameworks/vecLib.framework/Versions/A/libLinearAlgebra.dylib
0x0000000028b06000 	/System/Library/Frameworks/Accelerate.framework/Versions/A/Frameworks/vecLib.framework/Versions/A/libSparse.dylib
0x0000000028b06000 	/System/Library/Frameworks/Accelerate.framework/Versions/A/Frameworks/vecLib.framework/Versions/A/libSparseBLAS.dylib
0x0000000028b06000 	/System/Library/PrivateFrameworks/GPUWrangler.framework/Versions/A/GPUWrangler
0x0000000028b06000 	/System/Library/PrivateFrameworks/IOAccelerator.framework/Versions/A/IOAccelerator
0x0000000028b06000 	/System/Library/PrivateFrameworks/IOPresentment.framework/Versions/A/IOPresentment
0x0000000028b06000 	/System/Library/PrivateFrameworks/DSExternalDisplay.framework/Versions/A/DSExternalDisplay
0x0000000028b06000 	/System/Library/Frameworks/OpenGL.framework/Versions/A/Libraries/libCoreFSCache.dylib
0x0000000028b06000 	/System/Library/Frameworks/CoreVideo.framework/Versions/A/CoreVideo
0x0000000028b06000 	/System/Library/PrivateFrameworks/GraphVisualizer.framework/Versions/A/GraphVisualizer
0x0000000028b06000 	/System/Library/Frameworks/MetalPerformanceShaders.framework/Versions/A/MetalPerformanceShaders
0x0000000028b06000 	/usr/lib/libFosl_dynamic.dylib
0x0000000028b06000 	/System/Library/PrivateFrameworks/FaceCore.framework/Versions/A/FaceCore
0x0000000028b06000 	/System/Library/Frameworks/OpenCL.framework/Versions/A/OpenCL
0x0000000028b06000 	/usr/lib/libcompression.dylib
0x0000000028b06000 	/System/Library/Frameworks/ApplicationServices.framework/Versions/A/Frameworks/ATS.framework/Versions/A/Resources/libFontParser.dylib
0x0000000028b06000 	/System/Library/Frameworks/ApplicationServices.framework/Versions/A/Frameworks/ATS.framework/Versions/A/Resources/libFontRegistry.dylib
0x0000000028b06000 	/System/Library/Frameworks/ImageIO.framework/Versions/A/Resources/libJPEG.dylib
0x0000000028b06000 	/System/Library/Frameworks/ImageIO.framework/Versions/A/Resources/libTIFF.dylib
0x0000000028b06000 	/System/Library/Frameworks/ImageIO.framework/Versions/A/Resources/libPng.dylib
0x0000000028b06000 	/System/Library/Frameworks/ImageIO.framework/Versions/A/Resources/libGIF.dylib
0x0000000028b06000 	/System/Library/Frameworks/ImageIO.framework/Versions/A/Resources/libJP2.dylib
0x0000000028b06000 	/System/Library/Frameworks/ImageIO.framework/Versions/A/Resources/libRadiance.dylib
0x0000000028b06000 	/System/Library/PrivateFrameworks/AppleJPEG.framework/Versions/A/AppleJPEG
0x0000000028b06000 	/System/Library/Frameworks/MetalPerformanceShaders.framework/Frameworks/MPSCore.framework/Versions/A/MPSCore
0x0000000028b06000 	/System/Library/Frameworks/MetalPerformanceShaders.framework/Frameworks/MPSImage.framework/Versions/A/MPSImage
0x0000000028b06000 	/System/Library/Frameworks/MetalPerformanceShaders.framework/Frameworks/MPSNeuralNetwork.framework/Versions/A/MPSNeuralNetwork
0x0000000028b06000 	/System/Library/Frameworks/MetalPerformanceShaders.framework/Frameworks/MPSMatrix.framework/Versions/A/MPSMatrix
0x0000000028b06000 	/System/Library/PrivateFrameworks/MetalTools.framework/Versions/A/MetalTools
0x0000000028b06000 	/System/Library/Frameworks/OpenGL.framework/Versions/A/Libraries/libGLU.dylib
0x0000000028b06000 	/System/Library/Frameworks/OpenGL.framework/Versions/A/Libraries/libGFXShared.dylib
0x0000000028b06000 	/System/Library/Frameworks/OpenGL.framework/Versions/A/Libraries/libGL.dylib
0x0000000028b06000 	/System/Library/Frameworks/OpenGL.framework/Versions/A/Libraries/libGLImage.dylib
0x0000000028b06000 	/System/Library/Frameworks/OpenGL.framework/Versions/A/Libraries/libCVMSPluginSupport.dylib
0x0000000028b06000 	/System/Library/Frameworks/OpenGL.framework/Versions/A/Libraries/libCoreVMClient.dylib
0x0000000028b06000 	/usr/lib/libcups.2.dylib
0x0000000028b06000 	/System/Library/Frameworks/Kerberos.framework/Versions/A/Kerberos
0x0000000028b06000 	/System/Library/Frameworks/GSS.framework/Versions/A/GSS
0x0000000028b06000 	/usr/lib/libresolv.9.dylib
0x0000000028b06000 	/usr/lib/libiconv.2.dylib
0x0000000028b06000 	/System/Library/PrivateFrameworks/Heimdal.framework/Versions/A/Heimdal
0x0000000028b06000 	/usr/lib/libheimdal-asn1.dylib
0x0000000028b06000 	/System/Library/Frameworks/OpenDirectory.framework/Versions/A/OpenDirectory
0x0000000028b06000 	/System/Library/PrivateFrameworks/CommonAuth.framework/Versions/A/CommonAuth
0x0000000028b06000 	/System/Library/Frameworks/OpenDirectory.framework/Versions/A/Frameworks/CFOpenDirectory.framework/Versions/A/CFOpenDirectory
0x0000000028b06000 	/System/Library/Frameworks/SecurityFoundation.framework/Versions/A/SecurityFoundation
0x0000000028b06000 	/System/Library/PrivateFrameworks/APFS.framework/Versions/A/APFS
0x0000000028b06000 	/usr/lib/libutil.dylib
0x0000000028b06000 	/System/Library/PrivateFrameworks/AppleSauce.framework/Versions/A/AppleSauce
0x0000000028b06000 	/System/Library/PrivateFrameworks/LinguisticData.framework/Versions/A/LinguisticData
0x0000000028b06000 	/usr/lib/libmarisa.dylib
0x0000000028b06000 	/System/Library/PrivateFrameworks/Lexicon.framework/Versions/A/Lexicon
0x0000000028b06000 	/usr/lib/libChineseTokenizer.dylib
0x0000000028b06000 	/usr/lib/libcmph.dylib
0x0000000028b06000 	/System/Library/PrivateFrameworks/LanguageModeling.framework/Versions/A/LanguageModeling
0x0000000028b06000 	/System/Library/PrivateFrameworks/CoreEmoji.framework/Versions/A/CoreEmoji
0x0000000028b06000 	/System/Library/Frameworks/ServiceManagement.framework/Versions/A/ServiceManagement
0x0000000028b06000 	/System/Library/PrivateFrameworks/BackgroundTaskManagement.framework/Versions/A/BackgroundTaskManagement
0x0000000028b06000 	/usr/lib/libxslt.1.dylib
0x0000000028b06000 	/System/Library/Frameworks/Carbon.framework/Versions/A/Frameworks/Ink.framework/Versions/A/Ink
0x0000000028b06000 	/System/Library/PrivateFrameworks/TextureIO.framework/Versions/A/TextureIO
0x0000000028b06000 	/usr/lib/libate.dylib
0x0000000028b06000 	/System/Library/PrivateFrameworks/CrashReporterSupport.framework/Versions/A/CrashReporterSupport
0x0000000028b06000 	/System/Library/PrivateFrameworks/Sharing.framework/Versions/A/Sharing
0x0000000028b06000 	/System/Library/PrivateFrameworks/IconServices.framework/Versions/A/IconServices
0x0000000028b06000 	/System/Library/PrivateFrameworks/Apple80211.framework/Versions/A/Apple80211
0x0000000028b06000 	/System/Library/PrivateFrameworks/CoreUtils.framework/Versions/A/CoreUtils
0x0000000028b06000 	/System/Library/Frameworks/CoreWLAN.framework/Versions/A/CoreWLAN
0x0000000028b06000 	/System/Library/Frameworks/IOBluetooth.framework/Versions/A/IOBluetooth
0x0000000028b06000 	/System/Library/PrivateFrameworks/ProtocolBuffer.framework/Versions/A/ProtocolBuffer
0x0000000028b06000 	/System/Library/PrivateFrameworks/CoreWiFi.framework/Versions/A/CoreWiFi
0x0000000028b06000 	/System/Library/Frameworks/CoreBluetooth.framework/Versions/A/CoreBluetooth
0x0000000028b06000 	/System/Library/PrivateFrameworks/DebugSymbols.framework/Versions/A/DebugSymbols
0x0000000028b06000 	/System/Library/PrivateFrameworks/CoreSymbolication.framework/Versions/A/CoreSymbolication
0x0000000028b06000 	/System/Library/PrivateFrameworks/Symbolication.framework/Versions/A/Symbolication
0x0000000028b06000 	/System/Library/PrivateFrameworks/AppleFSCompression.framework/Versions/A/AppleFSCompression
0x0000000028b06000 	/System/Library/PrivateFrameworks/SpeechRecognitionCore.framework/Versions/A/SpeechRecognitionCore
0x0000000028b06000 	/System/Library/CoreServices/Encodings/libSimplifiedChineseConverter.dylib
0x0000000102c00000 	/Library/Java/JavaVirtualMachines/jdk1.8.0_171.jdk/Contents/Home/jre/lib/server/libjvm.dylib
0x0000000028b06000 	/usr/lib/libstdc++.6.0.9.dylib
0x0000000101b36000 	/Library/Java/JavaVirtualMachines/jdk1.8.0_171.jdk/Contents/Home/jre/lib/libverify.dylib
0x0000000101b44000 	/Library/Java/JavaVirtualMachines/jdk1.8.0_171.jdk/Contents/Home/jre/lib/libjava.dylib
0x0000000101b7b000 	/Library/Java/JavaVirtualMachines/jdk1.8.0_171.jdk/Contents/Home/jre/lib/libjdwp.dylib
0x0000000101bc6000 	/Library/Java/JavaVirtualMachines/jdk1.8.0_171.jdk/Contents/Home/jre/lib/libnpt.dylib
0x0000000101bd3000 	/Library/Java/JavaVirtualMachines/jdk1.8.0_171.jdk/Contents/Home/jre/lib/libzip.dylib
0x00000001071ba000 	/Library/Java/JavaVirtualMachines/jdk1.8.0_171.jdk/Contents/Home/jre/lib/libdt_socket.dylib
0x00000001073d6000 	/Library/Java/JavaVirtualMachines/jdk1.8.0_171.jdk/Contents/Home/jre/lib/libnet.dylib
0x00000001073ed000 	/Library/Java/JavaVirtualMachines/jdk1.8.0_171.jdk/Contents/Home/jre/lib/libnio.dylib

VM Arguments:
jvm_args: -agentlib:jdwp=transport=dt_socket,suspend=y,address=localhost:54586 -Dmaven.home=EMBEDDED -Dclassworlds.conf=/Users/joker/Java/oxygen_workspace/.metadata/.plugins/org.eclipse.m2e.launching/launches/m2conf2649558957865708258.tmp -Dmaven.multiModuleProjectDirectory=/Users/joker/Java/oxygen_workspace/dlxy/dlxy-system -Dfile.encoding=UTF-8 
java_command: org.codehaus.plexus.classworlds.launcher.Launcher -B -X -e -s /Users/joker/.m2/settings.xml clean tomcat7:run
java_class_path (initial): /Applications/Eclipse.app/Contents/Eclipse/plugins/org.eclipse.m2e.maven.runtime_1.8.3.20180227-2135/jars/plexus-classworlds-2.5.2.jar
Launcher Type: SUN_STANDARD

Environment Variables:
PATH=/usr/bin:/bin:/usr/sbin:/sbin
SHELL=/bin/bash

Signal Handlers:
SIGSEGV: [libjvm.dylib+0x5b512d], sa_mask[0]=11111111011111110111111111111111, sa_flags=SA_ONSTACK|SA_RESTART|SA_SIGINFO
SIGBUS: [libjvm.dylib+0x5b512d], sa_mask[0]=11111111011111110111111111111111, sa_flags=SA_RESTART|SA_SIGINFO
SIGFPE: [libjvm.dylib+0x48aa90], sa_mask[0]=11111111011111110111111111111111, sa_flags=SA_RESTART|SA_SIGINFO
SIGPIPE: [libjvm.dylib+0x48aa90], sa_mask[0]=11111111011111110111111111111111, sa_flags=SA_RESTART|SA_SIGINFO
SIGXFSZ: [libjvm.dylib+0x48aa90], sa_mask[0]=11111111011111110111111111111111, sa_flags=SA_RESTART|SA_SIGINFO
SIGILL: [libjvm.dylib+0x48aa90], sa_mask[0]=11111111011111110111111111111111, sa_flags=SA_RESTART|SA_SIGINFO
SIGUSR1: SIG_DFL, sa_mask[0]=00000000000000000000000000000000, sa_flags=none
SIGUSR2: [libjvm.dylib+0x48a5ae], sa_mask[0]=00100000000000000000000000000000, sa_flags=SA_RESTART|SA_SIGINFO
SIGHUP: [libjvm.dylib+0x488b79], sa_mask[0]=11111111011111110111111111111111, sa_flags=SA_RESTART|SA_SIGINFO
SIGINT: [libjvm.dylib+0x488b79], sa_mask[0]=11111111011111110111111111111111, sa_flags=SA_RESTART|SA_SIGINFO
SIGTERM: [libjvm.dylib+0x488b79], sa_mask[0]=11111111011111110111111111111111, sa_flags=SA_RESTART|SA_SIGINFO
SIGQUIT: [libjvm.dylib+0x488b79], sa_mask[0]=11111111011111110111111111111111, sa_flags=SA_RESTART|SA_SIGINFO


---------------  S Y S T E M  ---------------

OS:Bsduname:Darwin 17.5.0 Darwin Kernel Version 17.5.0: Mon Mar  5 22:24:32 PST 2018; root:xnu-4570.51.1~1/RELEASE_X86_64 x86_64
rlimit: STACK 8192k, CORE 0k, NPROC 709, NOFILE 10240, AS infinity
load average:2.83 2.64 2.56

CPU:total 8 (initial active 8) (4 cores per cpu, 2 threads per core) family 6 model 60 stepping 3, cmov, cx8, fxsr, mmx, sse, sse2, sse3, ssse3, sse4.1, sse4.2, popcnt, avx, avx2, aes, clmul, erms, lzcnt, ht, tsc, tscinvbit, bmi1, bmi2

Memory: 4k page, physical 8388608k(49976k free)

/proc/meminfo:


vm_info: Java HotSpot(TM) 64-Bit Server VM (25.171-b11) for bsd-amd64 JRE (1.8.0_171-b11), built on Mar 28 2018 12:50:57 by "java_re" with gcc 4.2.1 (Based on Apple Inc. build 5658) (LLVM build 2336.11.00)

time: Thu Jul 19 15:59:14 2018
elapsed time: 3 seconds (0d 0h 0m 3s)

